<?xml version="1.0" encoding="UTF-8"?>
<testsuite xmlns:xsi="http://www.w3.org/2001/XMLSchema-instance" xsi:noNamespaceSchemaLocation="https://maven.apache.org/surefire/maven-failsafe-plugin/xsd/failsafe-test-report-3.0.xsd" version="3.0" name="starter.CucumberTestSuite" time="57.505" tests="9" errors="0" skipped="0" failures="0">
  <properties>
    <property name="sun.desktop" value="windows"/>
    <property name="awt.toolkit" value="sun.awt.windows.WToolkit"/>
    <property name="file.encoding.pkg" value="sun.io"/>
    <property name="java.specification.version" value="1.8"/>
    <property name="sun.cpu.isalist" value="amd64"/>
    <property name="sun.jnu.encoding" value="Cp1252"/>
    <property name="java.class.path" value="C:\Users\zulfa\IdeaProjects\Mobile - MP\target\test-classes;C:\Users\zulfa\IdeaProjects\Mobile - MP\target\Mobile-MP-1.0-SNAPSHOT.jar;C:\Users\zulfa\.m2\repository\net\serenity-bdd\serenity-core\3.6.21\serenity-core-3.6.21.jar;C:\Users\zulfa\.m2\repository\net\serenity-bdd\serenity-model\3.6.21\serenity-model-3.6.21.jar;C:\Users\zulfa\.m2\repository\org\apache\commons\commons-text\1.10.0\commons-text-1.10.0.jar;C:\Users\zulfa\.m2\repository\commons-net\commons-net\3.9.0\commons-net-3.9.0.jar;C:\Users\zulfa\.m2\repository\com\google\inject\guice\5.1.0\guice-5.1.0.jar;C:\Users\zulfa\.m2\repository\javax\inject\javax.inject\1\javax.inject-1.jar;C:\Users\zulfa\.m2\repository\aopalliance\aopalliance\1.0\aopalliance-1.0.jar;C:\Users\zulfa\.m2\repository\org\jsoup\jsoup\1.14.3\jsoup-1.14.3.jar;C:\Users\zulfa\.m2\repository\com\thoughtworks\xstream\xstream\1.4.20\xstream-1.4.20.jar;C:\Users\zulfa\.m2\repository\io\github\x-stream\mxparser\1.2.2\mxparser-1.2.2.jar;C:\Users\zulfa\.m2\repository\xmlpull\xmlpull\1.1.3.1\xmlpull-1.1.3.1.jar;C:\Users\zulfa\.m2\repository\com\typesafe\config\1.4.2\config-1.4.2.jar;C:\Users\zulfa\.m2\repository\org\imgscalr\imgscalr-lib\4.2\imgscalr-lib-4.2.jar;C:\Users\zulfa\.m2\repository\org\awaitility\awaitility\4.2.0\awaitility-4.2.0.jar;C:\Users\zulfa\.m2\repository\org\freemarker\freemarker\2.3.31\freemarker-2.3.31.jar;C:\Users\zulfa\.m2\repository\io\github\classgraph\classgraph\4.8.138\classgraph-4.8.138.jar;C:\Users\zulfa\.m2\repository\net\sourceforge\jexcelapi\jxl\2.6.12\jxl-2.6.12.jar;C:\Users\zulfa\.m2\repository\net\bytebuddy\byte-buddy-agent\1.14.2\byte-buddy-agent-1.14.2.jar;C:\Users\zulfa\.m2\repository\org\objenesis\objenesis\3.3\objenesis-3.3.jar;C:\Users\zulfa\.m2\repository\net\serenity-bdd\serenity-reports\3.6.21\serenity-reports-3.6.21.jar;C:\Users\zulfa\.m2\repository\net\serenity-bdd\serenity-stats\3.6.21\serenity-stats-3.6.21.jar;C:\Users\zulfa\.m2\repository\net\serenity-bdd\serenity-reports-configuration\3.6.21\serenity-reports-configuration-3.6.21.jar;C:\Users\zulfa\.m2\repository\com\vladsch\flexmark\flexmark-all\0.62.2\flexmark-all-0.62.2.jar;C:\Users\zulfa\.m2\repository\com\vladsch\flexmark\flexmark\0.62.2\flexmark-0.62.2.jar;C:\Users\zulfa\.m2\repository\com\vladsch\flexmark\flexmark-ext-abbreviation\0.62.2\flexmark-ext-abbreviation-0.62.2.jar;C:\Users\zulfa\.m2\repository\com\vladsch\flexmark\flexmark-util\0.62.2\flexmark-util-0.62.2.jar;C:\Users\zulfa\.m2\repository\com\vladsch\flexmark\flexmark-ext-admonition\0.62.2\flexmark-ext-admonition-0.62.2.jar;C:\Users\zulfa\.m2\repository\com\vladsch\flexmark\flexmark-ext-anchorlink\0.62.2\flexmark-ext-anchorlink-0.62.2.jar;C:\Users\zulfa\.m2\repository\com\vladsch\flexmark\flexmark-ext-aside\0.62.2\flexmark-ext-aside-0.62.2.jar;C:\Users\zulfa\.m2\repository\com\vladsch\flexmark\flexmark-ext-attributes\0.62.2\flexmark-ext-attributes-0.62.2.jar;C:\Users\zulfa\.m2\repository\com\vladsch\flexmark\flexmark-ext-autolink\0.62.2\flexmark-ext-autolink-0.62.2.jar;C:\Users\zulfa\.m2\repository\org\nibor\autolink\autolink\0.6.0\autolink-0.6.0.jar;C:\Users\zulfa\.m2\repository\com\vladsch\flexmark\flexmark-ext-definition\0.62.2\flexmark-ext-definition-0.62.2.jar;C:\Users\zulfa\.m2\repository\com\vladsch\flexmark\flexmark-ext-emoji\0.62.2\flexmark-ext-emoji-0.62.2.jar;C:\Users\zulfa\.m2\repository\com\vladsch\flexmark\flexmark-ext-enumerated-reference\0.62.2\flexmark-ext-enumerated-reference-0.62.2.jar;C:\Users\zulfa\.m2\repository\com\vladsch\flexmark\flexmark-ext-escaped-character\0.62.2\flexmark-ext-escaped-character-0.62.2.jar;C:\Users\zulfa\.m2\repository\com\vladsch\flexmark\flexmark-ext-footnotes\0.62.2\flexmark-ext-footnotes-0.62.2.jar;C:\Users\zulfa\.m2\repository\com\vladsch\flexmark\flexmark-ext-gfm-issues\0.62.2\flexmark-ext-gfm-issues-0.62.2.jar;C:\Users\zulfa\.m2\repository\com\vladsch\flexmark\flexmark-ext-gfm-strikethrough\0.62.2\flexmark-ext-gfm-strikethrough-0.62.2.jar;C:\Users\zulfa\.m2\repository\com\vladsch\flexmark\flexmark-ext-gfm-tasklist\0.62.2\flexmark-ext-gfm-tasklist-0.62.2.jar;C:\Users\zulfa\.m2\repository\com\vladsch\flexmark\flexmark-ext-gfm-users\0.62.2\flexmark-ext-gfm-users-0.62.2.jar;C:\Users\zulfa\.m2\repository\com\vladsch\flexmark\flexmark-ext-gitlab\0.62.2\flexmark-ext-gitlab-0.62.2.jar;C:\Users\zulfa\.m2\repository\com\vladsch\flexmark\flexmark-ext-jekyll-front-matter\0.62.2\flexmark-ext-jekyll-front-matter-0.62.2.jar;C:\Users\zulfa\.m2\repository\com\vladsch\flexmark\flexmark-ext-jekyll-tag\0.62.2\flexmark-ext-jekyll-tag-0.62.2.jar;C:\Users\zulfa\.m2\repository\com\vladsch\flexmark\flexmark-ext-media-tags\0.62.2\flexmark-ext-media-tags-0.62.2.jar;C:\Users\zulfa\.m2\repository\com\vladsch\flexmark\flexmark-ext-macros\0.62.2\flexmark-ext-macros-0.62.2.jar;C:\Users\zulfa\.m2\repository\com\vladsch\flexmark\flexmark-ext-ins\0.62.2\flexmark-ext-ins-0.62.2.jar;C:\Users\zulfa\.m2\repository\com\vladsch\flexmark\flexmark-ext-xwiki-macros\0.62.2\flexmark-ext-xwiki-macros-0.62.2.jar;C:\Users\zulfa\.m2\repository\com\vladsch\flexmark\flexmark-ext-superscript\0.62.2\flexmark-ext-superscript-0.62.2.jar;C:\Users\zulfa\.m2\repository\com\vladsch\flexmark\flexmark-ext-tables\0.62.2\flexmark-ext-tables-0.62.2.jar;C:\Users\zulfa\.m2\repository\com\vladsch\flexmark\flexmark-ext-toc\0.62.2\flexmark-ext-toc-0.62.2.jar;C:\Users\zulfa\.m2\repository\com\vladsch\flexmark\flexmark-ext-typographic\0.62.2\flexmark-ext-typographic-0.62.2.jar;C:\Users\zulfa\.m2\repository\com\vladsch\flexmark\flexmark-ext-wikilink\0.62.2\flexmark-ext-wikilink-0.62.2.jar;C:\Users\zulfa\.m2\repository\com\vladsch\flexmark\flexmark-ext-yaml-front-matter\0.62.2\flexmark-ext-yaml-front-matter-0.62.2.jar;C:\Users\zulfa\.m2\repository\com\vladsch\flexmark\flexmark-ext-youtube-embedded\0.62.2\flexmark-ext-youtube-embedded-0.62.2.jar;C:\Users\zulfa\.m2\repository\com\vladsch\flexmark\flexmark-html2md-converter\0.62.2\flexmark-html2md-converter-0.62.2.jar;C:\Users\zulfa\.m2\repository\com\vladsch\flexmark\flexmark-jira-converter\0.62.2\flexmark-jira-converter-0.62.2.jar;C:\Users\zulfa\.m2\repository\com\vladsch\flexmark\flexmark-pdf-converter\0.62.2\flexmark-pdf-converter-0.62.2.jar;C:\Users\zulfa\.m2\repository\com\openhtmltopdf\openhtmltopdf-core\1.0.0\openhtmltopdf-core-1.0.0.jar;C:\Users\zulfa\.m2\repository\com\openhtmltopdf\openhtmltopdf-pdfbox\1.0.0\openhtmltopdf-pdfbox-1.0.0.jar;C:\Users\zulfa\.m2\repository\org\apache\pdfbox\pdfbox\2.0.16\pdfbox-2.0.16.jar;C:\Users\zulfa\.m2\repository\org\apache\pdfbox\fontbox\2.0.16\fontbox-2.0.16.jar;C:\Users\zulfa\.m2\repository\org\apache\pdfbox\xmpbox\2.0.16\xmpbox-2.0.16.jar;C:\Users\zulfa\.m2\repository\de\rototor\pdfbox\graphics2d\0.24\graphics2d-0.24.jar;C:\Users\zulfa\.m2\repository\com\openhtmltopdf\openhtmltopdf-rtl-support\1.0.0\openhtmltopdf-rtl-support-1.0.0.jar;C:\Users\zulfa\.m2\repository\com\openhtmltopdf\openhtmltopdf-jsoup-dom-converter\1.0.0\openhtmltopdf-jsoup-dom-converter-1.0.0.jar;C:\Users\zulfa\.m2\repository\com\vladsch\flexmark\flexmark-profile-pegdown\0.62.2\flexmark-profile-pegdown-0.62.2.jar;C:\Users\zulfa\.m2\repository\com\vladsch\flexmark\flexmark-util-ast\0.62.2\flexmark-util-ast-0.62.2.jar;C:\Users\zulfa\.m2\repository\com\vladsch\flexmark\flexmark-util-builder\0.62.2\flexmark-util-builder-0.62.2.jar;C:\Users\zulfa\.m2\repository\com\vladsch\flexmark\flexmark-util-collection\0.62.2\flexmark-util-collection-0.62.2.jar;C:\Users\zulfa\.m2\repository\com\vladsch\flexmark\flexmark-util-data\0.62.2\flexmark-util-data-0.62.2.jar;C:\Users\zulfa\.m2\repository\com\vladsch\flexmark\flexmark-util-dependency\0.62.2\flexmark-util-dependency-0.62.2.jar;C:\Users\zulfa\.m2\repository\com\vladsch\flexmark\flexmark-util-format\0.62.2\flexmark-util-format-0.62.2.jar;C:\Users\zulfa\.m2\repository\com\vladsch\flexmark\flexmark-util-html\0.62.2\flexmark-util-html-0.62.2.jar;C:\Users\zulfa\.m2\repository\com\vladsch\flexmark\flexmark-util-misc\0.62.2\flexmark-util-misc-0.62.2.jar;C:\Users\zulfa\.m2\repository\com\vladsch\flexmark\flexmark-util-options\0.62.2\flexmark-util-options-0.62.2.jar;C:\Users\zulfa\.m2\repository\com\vladsch\flexmark\flexmark-util-sequence\0.62.2\flexmark-util-sequence-0.62.2.jar;C:\Users\zulfa\.m2\repository\com\vladsch\flexmark\flexmark-util-visitor\0.62.2\flexmark-util-visitor-0.62.2.jar;C:\Users\zulfa\.m2\repository\com\vladsch\flexmark\flexmark-youtrack-converter\0.62.2\flexmark-youtrack-converter-0.62.2.jar;C:\Users\zulfa\.m2\repository\com\ibm\icu\icu4j\72.1\icu4j-72.1.jar;C:\Users\zulfa\.m2\repository\es\nitaur\markdown\txtmark\0.16\txtmark-0.16.jar;C:\Users\zulfa\.m2\repository\net\serenity-bdd\serenity-report-resources\3.6.21\serenity-report-resources-3.6.21.jar;C:\Users\zulfa\.m2\repository\com\google\code\gson\gson\2.10.1\gson-2.10.1.jar;C:\Users\zulfa\.m2\repository\com\fasterxml\jackson\core\jackson-core\2.15.0-rc1\jackson-core-2.15.0-rc1.jar;C:\Users\zulfa\.m2\repository\com\fasterxml\jackson\core\jackson-databind\2.15.0-rc1\jackson-databind-2.15.0-rc1.jar;C:\Users\zulfa\.m2\repository\com\fasterxml\jackson\core\jackson-annotations\2.15.0-rc1\jackson-annotations-2.15.0-rc1.jar;C:\Users\zulfa\.m2\repository\commons-codec\commons-codec\1.15\commons-codec-1.15.jar;C:\Users\zulfa\.m2\repository\commons-io\commons-io\2.11.0\commons-io-2.11.0.jar;C:\Users\zulfa\.m2\repository\org\apache\httpcomponents\httpclient\4.5.13\httpclient-4.5.13.jar;C:\Users\zulfa\.m2\repository\org\apache\httpcomponents\httpcore\4.4.13\httpcore-4.4.13.jar;C:\Users\zulfa\.m2\repository\commons-logging\commons-logging\1.2\commons-logging-1.2.jar;C:\Users\zulfa\.m2\repository\org\seleniumhq\selenium\selenium-java\4.8.1\selenium-java-4.8.1.jar;C:\Users\zulfa\.m2\repository\org\seleniumhq\selenium\selenium-devtools-v108\4.8.1\selenium-devtools-v108-4.8.1.jar;C:\Users\zulfa\.m2\repository\org\seleniumhq\selenium\selenium-devtools-v109\4.8.1\selenium-devtools-v109-4.8.1.jar;C:\Users\zulfa\.m2\repository\org\seleniumhq\selenium\selenium-devtools-v110\4.8.1\selenium-devtools-v110-4.8.1.jar;C:\Users\zulfa\.m2\repository\org\seleniumhq\selenium\selenium-devtools-v85\4.8.1\selenium-devtools-v85-4.8.1.jar;C:\Users\zulfa\.m2\repository\org\seleniumhq\selenium\selenium-safari-driver\4.8.1\selenium-safari-driver-4.8.1.jar;C:\Users\zulfa\.m2\repository\org\seleniumhq\selenium\selenium-api\4.8.1\selenium-api-4.8.1.jar;C:\Users\zulfa\.m2\repository\org\seleniumhq\selenium\selenium-chrome-driver\4.8.1\selenium-chrome-driver-4.8.1.jar;C:\Users\zulfa\.m2\repository\org\seleniumhq\selenium\selenium-chromium-driver\4.8.1\selenium-chromium-driver-4.8.1.jar;C:\Users\zulfa\.m2\repository\org\seleniumhq\selenium\selenium-firefox-driver\4.8.1\selenium-firefox-driver-4.8.1.jar;C:\Users\zulfa\.m2\repository\org\seleniumhq\selenium\selenium-http\4.8.1\selenium-http-4.8.1.jar;C:\Users\zulfa\.m2\repository\dev\failsafe\failsafe\3.3.0\failsafe-3.3.0.jar;C:\Users\zulfa\.m2\repository\org\seleniumhq\selenium\selenium-edge-driver\4.8.1\selenium-edge-driver-4.8.1.jar;C:\Users\zulfa\.m2\repository\org\seleniumhq\selenium\selenium-ie-driver\4.8.1\selenium-ie-driver-4.8.1.jar;C:\Users\zulfa\.m2\repository\org\projectlombok\lombok\1.18.20\lombok-1.18.20.jar;C:\Users\zulfa\.m2\repository\org\apache\groovy\groovy\4.0.10\groovy-4.0.10.jar;C:\Users\zulfa\.m2\repository\net\sf\opencsv\opencsv\2.0\opencsv-2.0.jar;C:\Users\zulfa\.m2\repository\commons-beanutils\commons-beanutils\1.9.4\commons-beanutils-1.9.4.jar;C:\Users\zulfa\.m2\repository\org\apache\commons\commons-lang3\3.12.0\commons-lang3-3.12.0.jar;C:\Users\zulfa\.m2\repository\commons-collections\commons-collections\3.2.2\commons-collections-3.2.2.jar;C:\Users\zulfa\.m2\repository\org\fluentlenium\fluentlenium-core\0.10.2\fluentlenium-core-0.10.2.jar;C:\Users\zulfa\.m2\repository\io\github\bonigarcia\webdrivermanager\5.3.0\webdrivermanager-5.3.0.jar;C:\Users\zulfa\.m2\repository\com\github\docker-java\docker-java\3.2.13\docker-java-3.2.13.jar;C:\Users\zulfa\.m2\repository\com\github\docker-java\docker-java-core\3.2.13\docker-java-core-3.2.13.jar;C:\Users\zulfa\.m2\repository\com\github\docker-java\docker-java-api\3.2.13\docker-java-api-3.2.13.jar;C:\Users\zulfa\.m2\repository\org\apache\commons\commons-compress\1.21\commons-compress-1.21.jar;C:\Users\zulfa\.m2\repository\org\bouncycastle\bcpkix-jdk15on\1.64\bcpkix-jdk15on-1.64.jar;C:\Users\zulfa\.m2\repository\org\bouncycastle\bcprov-jdk15on\1.64\bcprov-jdk15on-1.64.jar;C:\Users\zulfa\.m2\repository\org\slf4j\jcl-over-slf4j\1.7.30\jcl-over-slf4j-1.7.30.jar;C:\Users\zulfa\.m2\repository\com\github\docker-java\docker-java-transport-httpclient5\3.2.13\docker-java-transport-httpclient5-3.2.13.jar;C:\Users\zulfa\.m2\repository\com\github\docker-java\docker-java-transport\3.2.13\docker-java-transport-3.2.13.jar;C:\Users\zulfa\.m2\repository\net\java\dev\jna\jna\5.8.0\jna-5.8.0.jar;C:\Users\zulfa\.m2\repository\org\brotli\dec\0.1.2\dec-0.1.2.jar;C:\Users\zulfa\.m2\repository\org\apache\httpcomponents\client5\httpclient5\5.1.3\httpclient5-5.1.3.jar;C:\Users\zulfa\.m2\repository\org\apache\httpcomponents\core5\httpcore5\5.1.3\httpcore5-5.1.3.jar;C:\Users\zulfa\.m2\repository\org\apache\httpcomponents\core5\httpcore5-h2\5.1.3\httpcore5-h2-5.1.3.jar;C:\Users\zulfa\.m2\repository\com\jhlabs\filters\2.0.235\filters-2.0.235.jar;C:\Users\zulfa\.m2\repository\com\paulhammant\ngwebdriver\1.1.6\ngwebdriver-1.1.6.jar;C:\Users\zulfa\.m2\repository\joda-time\joda-time\2.12.2\joda-time-2.12.2.jar;C:\Users\zulfa\.m2\repository\org\hamcrest\hamcrest\2.2\hamcrest-2.2.jar;C:\Users\zulfa\.m2\repository\com\google\jimfs\jimfs\1.2\jimfs-1.2.jar;C:\Users\zulfa\.m2\repository\org\mockito\mockito-core\3.3.3\mockito-core-3.3.3.jar;C:\Users\zulfa\.m2\repository\javax\xml\bind\jaxb-api\2.3.1\jaxb-api-2.3.1.jar;C:\Users\zulfa\.m2\repository\javax\activation\javax.activation-api\1.2.0\javax.activation-api-1.2.0.jar;C:\Users\zulfa\.m2\repository\com\sun\xml\bind\jaxb-core\2.3.0.1\jaxb-core-2.3.0.1.jar;C:\Users\zulfa\.m2\repository\com\sun\xml\bind\jaxb-impl\2.3.3\jaxb-impl-2.3.3.jar;C:\Users\zulfa\.m2\repository\jakarta\xml\bind\jakarta.xml.bind-api\2.3.3\jakarta.xml.bind-api-2.3.3.jar;C:\Users\zulfa\.m2\repository\com\sun\activation\jakarta.activation\1.2.2\jakarta.activation-1.2.2.jar;C:\Users\zulfa\.m2\repository\javax\activation\activation\1.1.1\activation-1.1.1.jar;C:\Users\zulfa\.m2\repository\net\serenity-bdd\serenity-cucumber\3.6.21\serenity-cucumber-3.6.21.jar;C:\Users\zulfa\.m2\repository\io\cucumber\cucumber-core\7.11.0\cucumber-core-7.11.0.jar;C:\Users\zulfa\.m2\repository\io\cucumber\cucumber-gherkin\7.11.0\cucumber-gherkin-7.11.0.jar;C:\Users\zulfa\.m2\repository\io\cucumber\cucumber-gherkin-messages\7.11.0\cucumber-gherkin-messages-7.11.0.jar;C:\Users\zulfa\.m2\repository\io\cucumber\gherkin\26.0.3\gherkin-26.0.3.jar;C:\Users\zulfa\.m2\repository\io\cucumber\messages\21.0.1\messages-21.0.1.jar;C:\Users\zulfa\.m2\repository\io\cucumber\tag-expressions\5.0.1\tag-expressions-5.0.1.jar;C:\Users\zulfa\.m2\repository\io\cucumber\cucumber-expressions\16.1.1\cucumber-expressions-16.1.1.jar;C:\Users\zulfa\.m2\repository\io\cucumber\datatable\7.11.0\datatable-7.11.0.jar;C:\Users\zulfa\.m2\repository\io\cucumber\cucumber-plugin\7.11.0\cucumber-plugin-7.11.0.jar;C:\Users\zulfa\.m2\repository\io\cucumber\docstring\7.11.0\docstring-7.11.0.jar;C:\Users\zulfa\.m2\repository\io\cucumber\html-formatter\20.2.1\html-formatter-20.2.1.jar;C:\Users\zulfa\.m2\repository\io\cucumber\junit-xml-formatter\0.1.0\junit-xml-formatter-0.1.0.jar;C:\Users\zulfa\.m2\repository\io\cucumber\ci-environment\9.1.0\ci-environment-9.1.0.jar;C:\Users\zulfa\.m2\repository\io\cucumber\cucumber-java\7.11.0\cucumber-java-7.11.0.jar;C:\Users\zulfa\.m2\repository\io\cucumber\cucumber-junit\7.11.0\cucumber-junit-7.11.0.jar;C:\Users\zulfa\.m2\repository\org\apache\commons\commons-csv\1.5\commons-csv-1.5.jar;C:\Users\zulfa\.m2\repository\net\serenity-bdd\serenity-screenplay\3.6.21\serenity-screenplay-3.6.21.jar;C:\Users\zulfa\.m2\repository\net\serenity-bdd\serenity-screenplay-webdriver\3.6.21\serenity-screenplay-webdriver-3.6.21.jar;C:\Users\zulfa\.m2\repository\net\serenity-bdd\serenity-ensure\3.6.21\serenity-ensure-3.6.21.jar;C:\Users\zulfa\.m2\repository\net\serenity-bdd\serenity-junit\3.6.21\serenity-junit-3.6.21.jar;C:\Users\zulfa\.m2\repository\org\jetbrains\kotlin\kotlin-stdlib\1.8.10\kotlin-stdlib-1.8.10.jar;C:\Users\zulfa\.m2\repository\org\jetbrains\kotlin\kotlin-stdlib-common\1.8.10\kotlin-stdlib-common-1.8.10.jar;C:\Users\zulfa\.m2\repository\org\jetbrains\annotations\13.0\annotations-13.0.jar;C:\Users\zulfa\.m2\repository\org\junit\platform\junit-platform-launcher\1.8.2\junit-platform-launcher-1.8.2.jar;C:\Users\zulfa\.m2\repository\org\junit\platform\junit-platform-engine\1.8.2\junit-platform-engine-1.8.2.jar;C:\Users\zulfa\.m2\repository\org\opentest4j\opentest4j\1.2.0\opentest4j-1.2.0.jar;C:\Users\zulfa\.m2\repository\org\junit\platform\junit-platform-commons\1.8.2\junit-platform-commons-1.8.2.jar;C:\Users\zulfa\.m2\repository\org\apiguardian\apiguardian-api\1.1.2\apiguardian-api-1.1.2.jar;C:\Users\zulfa\.m2\repository\org\junit\jupiter\junit-jupiter-engine\5.8.2\junit-jupiter-engine-5.8.2.jar;C:\Users\zulfa\.m2\repository\org\junit\jupiter\junit-jupiter-api\5.8.2\junit-jupiter-api-5.8.2.jar;C:\Users\zulfa\.m2\repository\org\junit\vintage\junit-vintage-engine\5.8.2\junit-vintage-engine-5.8.2.jar;C:\Users\zulfa\.m2\repository\ch\qos\logback\logback-classic\1.2.10\logback-classic-1.2.10.jar;C:\Users\zulfa\.m2\repository\ch\qos\logback\logback-core\1.2.10\logback-core-1.2.10.jar;C:\Users\zulfa\.m2\repository\org\slf4j\slf4j-api\1.7.32\slf4j-api-1.7.32.jar;C:\Users\zulfa\.m2\repository\org\assertj\assertj-core\3.23.1\assertj-core-3.23.1.jar;C:\Users\zulfa\.m2\repository\net\bytebuddy\byte-buddy\1.12.10\byte-buddy-1.12.10.jar;C:\Users\zulfa\.m2\repository\org\slf4j\slf4j-simple\1.7.7\slf4j-simple-1.7.7.jar;C:\Users\zulfa\.m2\repository\io\appium\java-client\8.3.0\java-client-8.3.0.jar;C:\Users\zulfa\.m2\repository\org\seleniumhq\selenium\selenium-remote-driver\4.9.1\selenium-remote-driver-4.9.1.jar;C:\Users\zulfa\.m2\repository\com\beust\jcommander\1.82\jcommander-1.82.jar;C:\Users\zulfa\.m2\repository\io\netty\netty-buffer\4.1.91.Final\netty-buffer-4.1.91.Final.jar;C:\Users\zulfa\.m2\repository\io\netty\netty-codec-http\4.1.91.Final\netty-codec-http-4.1.91.Final.jar;C:\Users\zulfa\.m2\repository\io\netty\netty-codec\4.1.91.Final\netty-codec-4.1.91.Final.jar;C:\Users\zulfa\.m2\repository\io\netty\netty-handler\4.1.91.Final\netty-handler-4.1.91.Final.jar;C:\Users\zulfa\.m2\repository\io\netty\netty-common\4.1.91.Final\netty-common-4.1.91.Final.jar;C:\Users\zulfa\.m2\repository\io\netty\netty-transport-classes-epoll\4.1.91.Final\netty-transport-classes-epoll-4.1.91.Final.jar;C:\Users\zulfa\.m2\repository\io\netty\netty-transport-classes-kqueue\4.1.91.Final\netty-transport-classes-kqueue-4.1.91.Final.jar;C:\Users\zulfa\.m2\repository\io\netty\netty-transport-native-epoll\4.1.91.Final\netty-transport-native-epoll-4.1.91.Final.jar;C:\Users\zulfa\.m2\repository\io\netty\netty-transport-native-kqueue\4.1.91.Final\netty-transport-native-kqueue-4.1.91.Final.jar;C:\Users\zulfa\.m2\repository\io\netty\netty-transport-native-unix-common\4.1.91.Final\netty-transport-native-unix-common-4.1.91.Final.jar;C:\Users\zulfa\.m2\repository\io\netty\netty-transport\4.1.91.Final\netty-transport-4.1.91.Final.jar;C:\Users\zulfa\.m2\repository\io\netty\netty-resolver\4.1.91.Final\netty-resolver-4.1.91.Final.jar;C:\Users\zulfa\.m2\repository\io\opentelemetry\opentelemetry-api\1.25.0\opentelemetry-api-1.25.0.jar;C:\Users\zulfa\.m2\repository\io\opentelemetry\opentelemetry-context\1.25.0\opentelemetry-context-1.25.0.jar;C:\Users\zulfa\.m2\repository\io\opentelemetry\opentelemetry-exporter-logging\1.25.0\opentelemetry-exporter-logging-1.25.0.jar;C:\Users\zulfa\.m2\repository\io\opentelemetry\opentelemetry-sdk-metrics\1.25.0\opentelemetry-sdk-metrics-1.25.0.jar;C:\Users\zulfa\.m2\repository\io\opentelemetry\opentelemetry-sdk-logs\1.25.0-alpha\opentelemetry-sdk-logs-1.25.0-alpha.jar;C:\Users\zulfa\.m2\repository\io\opentelemetry\opentelemetry-api-logs\1.25.0-alpha\opentelemetry-api-logs-1.25.0-alpha.jar;C:\Users\zulfa\.m2\repository\io\opentelemetry\opentelemetry-api-events\1.25.0-alpha\opentelemetry-api-events-1.25.0-alpha.jar;C:\Users\zulfa\.m2\repository\io\opentelemetry\opentelemetry-sdk-common\1.25.0\opentelemetry-sdk-common-1.25.0.jar;C:\Users\zulfa\.m2\repository\io\opentelemetry\opentelemetry-sdk-extension-autoconfigure-spi\1.25.0\opentelemetry-sdk-extension-autoconfigure-spi-1.25.0.jar;C:\Users\zulfa\.m2\repository\io\opentelemetry\opentelemetry-sdk-extension-autoconfigure\1.25.0-alpha\opentelemetry-sdk-extension-autoconfigure-1.25.0-alpha.jar;C:\Users\zulfa\.m2\repository\io\opentelemetry\opentelemetry-sdk-trace\1.25.0\opentelemetry-sdk-trace-1.25.0.jar;C:\Users\zulfa\.m2\repository\io\opentelemetry\opentelemetry-sdk\1.25.0\opentelemetry-sdk-1.25.0.jar;C:\Users\zulfa\.m2\repository\io\opentelemetry\opentelemetry-semconv\1.25.0-alpha\opentelemetry-semconv-1.25.0-alpha.jar;C:\Users\zulfa\.m2\repository\io\ous\jtoml\2.0.0\jtoml-2.0.0.jar;C:\Users\zulfa\.m2\repository\org\apache\commons\commons-exec\1.3\commons-exec-1.3.jar;C:\Users\zulfa\.m2\repository\org\asynchttpclient\async-http-client\2.12.3\async-http-client-2.12.3.jar;C:\Users\zulfa\.m2\repository\org\asynchttpclient\async-http-client-netty-utils\2.12.3\async-http-client-netty-utils-2.12.3.jar;C:\Users\zulfa\.m2\repository\io\netty\netty-codec-socks\4.1.60.Final\netty-codec-socks-4.1.60.Final.jar;C:\Users\zulfa\.m2\repository\io\netty\netty-handler-proxy\4.1.60.Final\netty-handler-proxy-4.1.60.Final.jar;C:\Users\zulfa\.m2\repository\io\netty\netty-transport-native-epoll\4.1.60.Final\netty-transport-native-epoll-4.1.60.Final-linux-x86_64.jar;C:\Users\zulfa\.m2\repository\io\netty\netty-transport-native-kqueue\4.1.60.Final\netty-transport-native-kqueue-4.1.60.Final-osx-x86_64.jar;C:\Users\zulfa\.m2\repository\org\reactivestreams\reactive-streams\1.0.3\reactive-streams-1.0.3.jar;C:\Users\zulfa\.m2\repository\com\typesafe\netty\netty-reactive-streams\2.0.4\netty-reactive-streams-2.0.4.jar;C:\Users\zulfa\.m2\repository\org\seleniumhq\selenium\selenium-manager\4.9.1\selenium-manager-4.9.1.jar;C:\Users\zulfa\.m2\repository\cglib\cglib\3.3.0\cglib-3.3.0.jar;C:\Users\zulfa\.m2\repository\org\ow2\asm\asm\7.1\asm-7.1.jar;C:\Users\zulfa\.m2\repository\commons-validator\commons-validator\1.7\commons-validator-1.7.jar;C:\Users\zulfa\.m2\repository\commons-digester\commons-digester\2.1\commons-digester-2.1.jar;C:\Users\zulfa\.m2\repository\org\yaml\snakeyaml\1.29\snakeyaml-1.29.jar;C:\Users\zulfa\.m2\repository\info\cukes\cucumber-java\1.0.1\cucumber-java-1.0.1.jar;C:\Users\zulfa\.m2\repository\info\cukes\cucumber-core\1.0.1\cucumber-core-1.0.1.jar;C:\Users\zulfa\.m2\repository\info\cukes\gherkin\2.9.3\gherkin-2.9.3.jar;C:\Users\zulfa\.m2\repository\info\cukes\cucumber-html\0.2.1\cucumber-html-0.2.1.jar;C:\Users\zulfa\.m2\repository\org\seleniumhq\selenium\selenium-support\4.8.1\selenium-support-4.8.1.jar;C:\Users\zulfa\.m2\repository\com\google\auto\service\auto-service-annotations\1.0.1\auto-service-annotations-1.0.1.jar;C:\Users\zulfa\.m2\repository\com\google\auto\service\auto-service\1.0.1\auto-service-1.0.1.jar;C:\Users\zulfa\.m2\repository\com\google\auto\auto-common\1.2\auto-common-1.2.jar;C:\Users\zulfa\.m2\repository\com\google\guava\guava\31.1-jre\guava-31.1-jre.jar;C:\Users\zulfa\.m2\repository\com\google\guava\failureaccess\1.0.1\failureaccess-1.0.1.jar;C:\Users\zulfa\.m2\repository\com\google\guava\listenablefuture\9999.0-empty-to-avoid-conflict-with-guava\listenablefuture-9999.0-empty-to-avoid-conflict-with-guava.jar;C:\Users\zulfa\.m2\repository\com\google\code\findbugs\jsr305\3.0.2\jsr305-3.0.2.jar;C:\Users\zulfa\.m2\repository\org\checkerframework\checker-qual\3.12.0\checker-qual-3.12.0.jar;C:\Users\zulfa\.m2\repository\com\google\errorprone\error_prone_annotations\2.11.0\error_prone_annotations-2.11.0.jar;C:\Users\zulfa\.m2\repository\com\google\j2objc\j2objc-annotations\1.3\j2objc-annotations-1.3.jar;C:\Users\zulfa\.m2\repository\org\seleniumhq\selenium\selenium-json\4.8.1\selenium-json-4.8.1.jar;C:\Users\zulfa\.m2\repository\junit\junit\4.13.2\junit-4.13.2.jar;C:\Users\zulfa\.m2\repository\org\hamcrest\hamcrest-core\1.3\hamcrest-core-1.3.jar;"/>
    <property name="java.vm.vendor" value="Oracle Corporation"/>
    <property name="sun.arch.data.model" value="64"/>
    <property name="user.variant" value=""/>
    <property name="java.vendor.url" value="http://java.oracle.com/"/>
    <property name="user.timezone" value="Asia/Bangkok"/>
    <property name="java.vm.specification.version" value="1.8"/>
    <property name="os.name" value="Windows 10"/>
    <property name="user.country" value="ID"/>
    <property name="sun.java.launcher" value="SUN_STANDARD"/>
    <property name="sun.boot.library.path" value="C:\Program Files\Java\jdk1.8.0_202\jre\bin"/>
    <property name="sun.java.command" value="C:\Users\zulfa\AppData\Local\Temp\surefire6634595516824016709\surefirebooter8272283683324405580.jar C:\Users\zulfa\AppData\Local\Temp\surefire6634595516824016709 2023-05-12T20-22-13_036-jvmRun1 surefire7626180266136577464tmp surefire_04476987367881466502tmp"/>
    <property name="surefire.test.class.path" value="C:\Users\zulfa\IdeaProjects\Mobile - MP\target\test-classes;C:\Users\zulfa\IdeaProjects\Mobile - MP\target\Mobile-MP-1.0-SNAPSHOT.jar;C:\Users\zulfa\.m2\repository\net\serenity-bdd\serenity-core\3.6.21\serenity-core-3.6.21.jar;C:\Users\zulfa\.m2\repository\net\serenity-bdd\serenity-model\3.6.21\serenity-model-3.6.21.jar;C:\Users\zulfa\.m2\repository\org\apache\commons\commons-text\1.10.0\commons-text-1.10.0.jar;C:\Users\zulfa\.m2\repository\commons-net\commons-net\3.9.0\commons-net-3.9.0.jar;C:\Users\zulfa\.m2\repository\com\google\inject\guice\5.1.0\guice-5.1.0.jar;C:\Users\zulfa\.m2\repository\javax\inject\javax.inject\1\javax.inject-1.jar;C:\Users\zulfa\.m2\repository\aopalliance\aopalliance\1.0\aopalliance-1.0.jar;C:\Users\zulfa\.m2\repository\org\jsoup\jsoup\1.14.3\jsoup-1.14.3.jar;C:\Users\zulfa\.m2\repository\com\thoughtworks\xstream\xstream\1.4.20\xstream-1.4.20.jar;C:\Users\zulfa\.m2\repository\io\github\x-stream\mxparser\1.2.2\mxparser-1.2.2.jar;C:\Users\zulfa\.m2\repository\xmlpull\xmlpull\1.1.3.1\xmlpull-1.1.3.1.jar;C:\Users\zulfa\.m2\repository\com\typesafe\config\1.4.2\config-1.4.2.jar;C:\Users\zulfa\.m2\repository\org\imgscalr\imgscalr-lib\4.2\imgscalr-lib-4.2.jar;C:\Users\zulfa\.m2\repository\org\awaitility\awaitility\4.2.0\awaitility-4.2.0.jar;C:\Users\zulfa\.m2\repository\org\freemarker\freemarker\2.3.31\freemarker-2.3.31.jar;C:\Users\zulfa\.m2\repository\io\github\classgraph\classgraph\4.8.138\classgraph-4.8.138.jar;C:\Users\zulfa\.m2\repository\net\sourceforge\jexcelapi\jxl\2.6.12\jxl-2.6.12.jar;C:\Users\zulfa\.m2\repository\net\bytebuddy\byte-buddy-agent\1.14.2\byte-buddy-agent-1.14.2.jar;C:\Users\zulfa\.m2\repository\org\objenesis\objenesis\3.3\objenesis-3.3.jar;C:\Users\zulfa\.m2\repository\net\serenity-bdd\serenity-reports\3.6.21\serenity-reports-3.6.21.jar;C:\Users\zulfa\.m2\repository\net\serenity-bdd\serenity-stats\3.6.21\serenity-stats-3.6.21.jar;C:\Users\zulfa\.m2\repository\net\serenity-bdd\serenity-reports-configuration\3.6.21\serenity-reports-configuration-3.6.21.jar;C:\Users\zulfa\.m2\repository\com\vladsch\flexmark\flexmark-all\0.62.2\flexmark-all-0.62.2.jar;C:\Users\zulfa\.m2\repository\com\vladsch\flexmark\flexmark\0.62.2\flexmark-0.62.2.jar;C:\Users\zulfa\.m2\repository\com\vladsch\flexmark\flexmark-ext-abbreviation\0.62.2\flexmark-ext-abbreviation-0.62.2.jar;C:\Users\zulfa\.m2\repository\com\vladsch\flexmark\flexmark-util\0.62.2\flexmark-util-0.62.2.jar;C:\Users\zulfa\.m2\repository\com\vladsch\flexmark\flexmark-ext-admonition\0.62.2\flexmark-ext-admonition-0.62.2.jar;C:\Users\zulfa\.m2\repository\com\vladsch\flexmark\flexmark-ext-anchorlink\0.62.2\flexmark-ext-anchorlink-0.62.2.jar;C:\Users\zulfa\.m2\repository\com\vladsch\flexmark\flexmark-ext-aside\0.62.2\flexmark-ext-aside-0.62.2.jar;C:\Users\zulfa\.m2\repository\com\vladsch\flexmark\flexmark-ext-attributes\0.62.2\flexmark-ext-attributes-0.62.2.jar;C:\Users\zulfa\.m2\repository\com\vladsch\flexmark\flexmark-ext-autolink\0.62.2\flexmark-ext-autolink-0.62.2.jar;C:\Users\zulfa\.m2\repository\org\nibor\autolink\autolink\0.6.0\autolink-0.6.0.jar;C:\Users\zulfa\.m2\repository\com\vladsch\flexmark\flexmark-ext-definition\0.62.2\flexmark-ext-definition-0.62.2.jar;C:\Users\zulfa\.m2\repository\com\vladsch\flexmark\flexmark-ext-emoji\0.62.2\flexmark-ext-emoji-0.62.2.jar;C:\Users\zulfa\.m2\repository\com\vladsch\flexmark\flexmark-ext-enumerated-reference\0.62.2\flexmark-ext-enumerated-reference-0.62.2.jar;C:\Users\zulfa\.m2\repository\com\vladsch\flexmark\flexmark-ext-escaped-character\0.62.2\flexmark-ext-escaped-character-0.62.2.jar;C:\Users\zulfa\.m2\repository\com\vladsch\flexmark\flexmark-ext-footnotes\0.62.2\flexmark-ext-footnotes-0.62.2.jar;C:\Users\zulfa\.m2\repository\com\vladsch\flexmark\flexmark-ext-gfm-issues\0.62.2\flexmark-ext-gfm-issues-0.62.2.jar;C:\Users\zulfa\.m2\repository\com\vladsch\flexmark\flexmark-ext-gfm-strikethrough\0.62.2\flexmark-ext-gfm-strikethrough-0.62.2.jar;C:\Users\zulfa\.m2\repository\com\vladsch\flexmark\flexmark-ext-gfm-tasklist\0.62.2\flexmark-ext-gfm-tasklist-0.62.2.jar;C:\Users\zulfa\.m2\repository\com\vladsch\flexmark\flexmark-ext-gfm-users\0.62.2\flexmark-ext-gfm-users-0.62.2.jar;C:\Users\zulfa\.m2\repository\com\vladsch\flexmark\flexmark-ext-gitlab\0.62.2\flexmark-ext-gitlab-0.62.2.jar;C:\Users\zulfa\.m2\repository\com\vladsch\flexmark\flexmark-ext-jekyll-front-matter\0.62.2\flexmark-ext-jekyll-front-matter-0.62.2.jar;C:\Users\zulfa\.m2\repository\com\vladsch\flexmark\flexmark-ext-jekyll-tag\0.62.2\flexmark-ext-jekyll-tag-0.62.2.jar;C:\Users\zulfa\.m2\repository\com\vladsch\flexmark\flexmark-ext-media-tags\0.62.2\flexmark-ext-media-tags-0.62.2.jar;C:\Users\zulfa\.m2\repository\com\vladsch\flexmark\flexmark-ext-macros\0.62.2\flexmark-ext-macros-0.62.2.jar;C:\Users\zulfa\.m2\repository\com\vladsch\flexmark\flexmark-ext-ins\0.62.2\flexmark-ext-ins-0.62.2.jar;C:\Users\zulfa\.m2\repository\com\vladsch\flexmark\flexmark-ext-xwiki-macros\0.62.2\flexmark-ext-xwiki-macros-0.62.2.jar;C:\Users\zulfa\.m2\repository\com\vladsch\flexmark\flexmark-ext-superscript\0.62.2\flexmark-ext-superscript-0.62.2.jar;C:\Users\zulfa\.m2\repository\com\vladsch\flexmark\flexmark-ext-tables\0.62.2\flexmark-ext-tables-0.62.2.jar;C:\Users\zulfa\.m2\repository\com\vladsch\flexmark\flexmark-ext-toc\0.62.2\flexmark-ext-toc-0.62.2.jar;C:\Users\zulfa\.m2\repository\com\vladsch\flexmark\flexmark-ext-typographic\0.62.2\flexmark-ext-typographic-0.62.2.jar;C:\Users\zulfa\.m2\repository\com\vladsch\flexmark\flexmark-ext-wikilink\0.62.2\flexmark-ext-wikilink-0.62.2.jar;C:\Users\zulfa\.m2\repository\com\vladsch\flexmark\flexmark-ext-yaml-front-matter\0.62.2\flexmark-ext-yaml-front-matter-0.62.2.jar;C:\Users\zulfa\.m2\repository\com\vladsch\flexmark\flexmark-ext-youtube-embedded\0.62.2\flexmark-ext-youtube-embedded-0.62.2.jar;C:\Users\zulfa\.m2\repository\com\vladsch\flexmark\flexmark-html2md-converter\0.62.2\flexmark-html2md-converter-0.62.2.jar;C:\Users\zulfa\.m2\repository\com\vladsch\flexmark\flexmark-jira-converter\0.62.2\flexmark-jira-converter-0.62.2.jar;C:\Users\zulfa\.m2\repository\com\vladsch\flexmark\flexmark-pdf-converter\0.62.2\flexmark-pdf-converter-0.62.2.jar;C:\Users\zulfa\.m2\repository\com\openhtmltopdf\openhtmltopdf-core\1.0.0\openhtmltopdf-core-1.0.0.jar;C:\Users\zulfa\.m2\repository\com\openhtmltopdf\openhtmltopdf-pdfbox\1.0.0\openhtmltopdf-pdfbox-1.0.0.jar;C:\Users\zulfa\.m2\repository\org\apache\pdfbox\pdfbox\2.0.16\pdfbox-2.0.16.jar;C:\Users\zulfa\.m2\repository\org\apache\pdfbox\fontbox\2.0.16\fontbox-2.0.16.jar;C:\Users\zulfa\.m2\repository\org\apache\pdfbox\xmpbox\2.0.16\xmpbox-2.0.16.jar;C:\Users\zulfa\.m2\repository\de\rototor\pdfbox\graphics2d\0.24\graphics2d-0.24.jar;C:\Users\zulfa\.m2\repository\com\openhtmltopdf\openhtmltopdf-rtl-support\1.0.0\openhtmltopdf-rtl-support-1.0.0.jar;C:\Users\zulfa\.m2\repository\com\openhtmltopdf\openhtmltopdf-jsoup-dom-converter\1.0.0\openhtmltopdf-jsoup-dom-converter-1.0.0.jar;C:\Users\zulfa\.m2\repository\com\vladsch\flexmark\flexmark-profile-pegdown\0.62.2\flexmark-profile-pegdown-0.62.2.jar;C:\Users\zulfa\.m2\repository\com\vladsch\flexmark\flexmark-util-ast\0.62.2\flexmark-util-ast-0.62.2.jar;C:\Users\zulfa\.m2\repository\com\vladsch\flexmark\flexmark-util-builder\0.62.2\flexmark-util-builder-0.62.2.jar;C:\Users\zulfa\.m2\repository\com\vladsch\flexmark\flexmark-util-collection\0.62.2\flexmark-util-collection-0.62.2.jar;C:\Users\zulfa\.m2\repository\com\vladsch\flexmark\flexmark-util-data\0.62.2\flexmark-util-data-0.62.2.jar;C:\Users\zulfa\.m2\repository\com\vladsch\flexmark\flexmark-util-dependency\0.62.2\flexmark-util-dependency-0.62.2.jar;C:\Users\zulfa\.m2\repository\com\vladsch\flexmark\flexmark-util-format\0.62.2\flexmark-util-format-0.62.2.jar;C:\Users\zulfa\.m2\repository\com\vladsch\flexmark\flexmark-util-html\0.62.2\flexmark-util-html-0.62.2.jar;C:\Users\zulfa\.m2\repository\com\vladsch\flexmark\flexmark-util-misc\0.62.2\flexmark-util-misc-0.62.2.jar;C:\Users\zulfa\.m2\repository\com\vladsch\flexmark\flexmark-util-options\0.62.2\flexmark-util-options-0.62.2.jar;C:\Users\zulfa\.m2\repository\com\vladsch\flexmark\flexmark-util-sequence\0.62.2\flexmark-util-sequence-0.62.2.jar;C:\Users\zulfa\.m2\repository\com\vladsch\flexmark\flexmark-util-visitor\0.62.2\flexmark-util-visitor-0.62.2.jar;C:\Users\zulfa\.m2\repository\com\vladsch\flexmark\flexmark-youtrack-converter\0.62.2\flexmark-youtrack-converter-0.62.2.jar;C:\Users\zulfa\.m2\repository\com\ibm\icu\icu4j\72.1\icu4j-72.1.jar;C:\Users\zulfa\.m2\repository\es\nitaur\markdown\txtmark\0.16\txtmark-0.16.jar;C:\Users\zulfa\.m2\repository\net\serenity-bdd\serenity-report-resources\3.6.21\serenity-report-resources-3.6.21.jar;C:\Users\zulfa\.m2\repository\com\google\code\gson\gson\2.10.1\gson-2.10.1.jar;C:\Users\zulfa\.m2\repository\com\fasterxml\jackson\core\jackson-core\2.15.0-rc1\jackson-core-2.15.0-rc1.jar;C:\Users\zulfa\.m2\repository\com\fasterxml\jackson\core\jackson-databind\2.15.0-rc1\jackson-databind-2.15.0-rc1.jar;C:\Users\zulfa\.m2\repository\com\fasterxml\jackson\core\jackson-annotations\2.15.0-rc1\jackson-annotations-2.15.0-rc1.jar;C:\Users\zulfa\.m2\repository\commons-codec\commons-codec\1.15\commons-codec-1.15.jar;C:\Users\zulfa\.m2\repository\commons-io\commons-io\2.11.0\commons-io-2.11.0.jar;C:\Users\zulfa\.m2\repository\org\apache\httpcomponents\httpclient\4.5.13\httpclient-4.5.13.jar;C:\Users\zulfa\.m2\repository\org\apache\httpcomponents\httpcore\4.4.13\httpcore-4.4.13.jar;C:\Users\zulfa\.m2\repository\commons-logging\commons-logging\1.2\commons-logging-1.2.jar;C:\Users\zulfa\.m2\repository\org\seleniumhq\selenium\selenium-java\4.8.1\selenium-java-4.8.1.jar;C:\Users\zulfa\.m2\repository\org\seleniumhq\selenium\selenium-devtools-v108\4.8.1\selenium-devtools-v108-4.8.1.jar;C:\Users\zulfa\.m2\repository\org\seleniumhq\selenium\selenium-devtools-v109\4.8.1\selenium-devtools-v109-4.8.1.jar;C:\Users\zulfa\.m2\repository\org\seleniumhq\selenium\selenium-devtools-v110\4.8.1\selenium-devtools-v110-4.8.1.jar;C:\Users\zulfa\.m2\repository\org\seleniumhq\selenium\selenium-devtools-v85\4.8.1\selenium-devtools-v85-4.8.1.jar;C:\Users\zulfa\.m2\repository\org\seleniumhq\selenium\selenium-safari-driver\4.8.1\selenium-safari-driver-4.8.1.jar;C:\Users\zulfa\.m2\repository\org\seleniumhq\selenium\selenium-api\4.8.1\selenium-api-4.8.1.jar;C:\Users\zulfa\.m2\repository\org\seleniumhq\selenium\selenium-chrome-driver\4.8.1\selenium-chrome-driver-4.8.1.jar;C:\Users\zulfa\.m2\repository\org\seleniumhq\selenium\selenium-chromium-driver\4.8.1\selenium-chromium-driver-4.8.1.jar;C:\Users\zulfa\.m2\repository\org\seleniumhq\selenium\selenium-firefox-driver\4.8.1\selenium-firefox-driver-4.8.1.jar;C:\Users\zulfa\.m2\repository\org\seleniumhq\selenium\selenium-http\4.8.1\selenium-http-4.8.1.jar;C:\Users\zulfa\.m2\repository\dev\failsafe\failsafe\3.3.0\failsafe-3.3.0.jar;C:\Users\zulfa\.m2\repository\org\seleniumhq\selenium\selenium-edge-driver\4.8.1\selenium-edge-driver-4.8.1.jar;C:\Users\zulfa\.m2\repository\org\seleniumhq\selenium\selenium-ie-driver\4.8.1\selenium-ie-driver-4.8.1.jar;C:\Users\zulfa\.m2\repository\org\projectlombok\lombok\1.18.20\lombok-1.18.20.jar;C:\Users\zulfa\.m2\repository\org\apache\groovy\groovy\4.0.10\groovy-4.0.10.jar;C:\Users\zulfa\.m2\repository\net\sf\opencsv\opencsv\2.0\opencsv-2.0.jar;C:\Users\zulfa\.m2\repository\commons-beanutils\commons-beanutils\1.9.4\commons-beanutils-1.9.4.jar;C:\Users\zulfa\.m2\repository\org\apache\commons\commons-lang3\3.12.0\commons-lang3-3.12.0.jar;C:\Users\zulfa\.m2\repository\commons-collections\commons-collections\3.2.2\commons-collections-3.2.2.jar;C:\Users\zulfa\.m2\repository\org\fluentlenium\fluentlenium-core\0.10.2\fluentlenium-core-0.10.2.jar;C:\Users\zulfa\.m2\repository\io\github\bonigarcia\webdrivermanager\5.3.0\webdrivermanager-5.3.0.jar;C:\Users\zulfa\.m2\repository\com\github\docker-java\docker-java\3.2.13\docker-java-3.2.13.jar;C:\Users\zulfa\.m2\repository\com\github\docker-java\docker-java-core\3.2.13\docker-java-core-3.2.13.jar;C:\Users\zulfa\.m2\repository\com\github\docker-java\docker-java-api\3.2.13\docker-java-api-3.2.13.jar;C:\Users\zulfa\.m2\repository\org\apache\commons\commons-compress\1.21\commons-compress-1.21.jar;C:\Users\zulfa\.m2\repository\org\bouncycastle\bcpkix-jdk15on\1.64\bcpkix-jdk15on-1.64.jar;C:\Users\zulfa\.m2\repository\org\bouncycastle\bcprov-jdk15on\1.64\bcprov-jdk15on-1.64.jar;C:\Users\zulfa\.m2\repository\org\slf4j\jcl-over-slf4j\1.7.30\jcl-over-slf4j-1.7.30.jar;C:\Users\zulfa\.m2\repository\com\github\docker-java\docker-java-transport-httpclient5\3.2.13\docker-java-transport-httpclient5-3.2.13.jar;C:\Users\zulfa\.m2\repository\com\github\docker-java\docker-java-transport\3.2.13\docker-java-transport-3.2.13.jar;C:\Users\zulfa\.m2\repository\net\java\dev\jna\jna\5.8.0\jna-5.8.0.jar;C:\Users\zulfa\.m2\repository\org\brotli\dec\0.1.2\dec-0.1.2.jar;C:\Users\zulfa\.m2\repository\org\apache\httpcomponents\client5\httpclient5\5.1.3\httpclient5-5.1.3.jar;C:\Users\zulfa\.m2\repository\org\apache\httpcomponents\core5\httpcore5\5.1.3\httpcore5-5.1.3.jar;C:\Users\zulfa\.m2\repository\org\apache\httpcomponents\core5\httpcore5-h2\5.1.3\httpcore5-h2-5.1.3.jar;C:\Users\zulfa\.m2\repository\com\jhlabs\filters\2.0.235\filters-2.0.235.jar;C:\Users\zulfa\.m2\repository\com\paulhammant\ngwebdriver\1.1.6\ngwebdriver-1.1.6.jar;C:\Users\zulfa\.m2\repository\joda-time\joda-time\2.12.2\joda-time-2.12.2.jar;C:\Users\zulfa\.m2\repository\org\hamcrest\hamcrest\2.2\hamcrest-2.2.jar;C:\Users\zulfa\.m2\repository\com\google\jimfs\jimfs\1.2\jimfs-1.2.jar;C:\Users\zulfa\.m2\repository\org\mockito\mockito-core\3.3.3\mockito-core-3.3.3.jar;C:\Users\zulfa\.m2\repository\javax\xml\bind\jaxb-api\2.3.1\jaxb-api-2.3.1.jar;C:\Users\zulfa\.m2\repository\javax\activation\javax.activation-api\1.2.0\javax.activation-api-1.2.0.jar;C:\Users\zulfa\.m2\repository\com\sun\xml\bind\jaxb-core\2.3.0.1\jaxb-core-2.3.0.1.jar;C:\Users\zulfa\.m2\repository\com\sun\xml\bind\jaxb-impl\2.3.3\jaxb-impl-2.3.3.jar;C:\Users\zulfa\.m2\repository\jakarta\xml\bind\jakarta.xml.bind-api\2.3.3\jakarta.xml.bind-api-2.3.3.jar;C:\Users\zulfa\.m2\repository\com\sun\activation\jakarta.activation\1.2.2\jakarta.activation-1.2.2.jar;C:\Users\zulfa\.m2\repository\javax\activation\activation\1.1.1\activation-1.1.1.jar;C:\Users\zulfa\.m2\repository\net\serenity-bdd\serenity-cucumber\3.6.21\serenity-cucumber-3.6.21.jar;C:\Users\zulfa\.m2\repository\io\cucumber\cucumber-core\7.11.0\cucumber-core-7.11.0.jar;C:\Users\zulfa\.m2\repository\io\cucumber\cucumber-gherkin\7.11.0\cucumber-gherkin-7.11.0.jar;C:\Users\zulfa\.m2\repository\io\cucumber\cucumber-gherkin-messages\7.11.0\cucumber-gherkin-messages-7.11.0.jar;C:\Users\zulfa\.m2\repository\io\cucumber\gherkin\26.0.3\gherkin-26.0.3.jar;C:\Users\zulfa\.m2\repository\io\cucumber\messages\21.0.1\messages-21.0.1.jar;C:\Users\zulfa\.m2\repository\io\cucumber\tag-expressions\5.0.1\tag-expressions-5.0.1.jar;C:\Users\zulfa\.m2\repository\io\cucumber\cucumber-expressions\16.1.1\cucumber-expressions-16.1.1.jar;C:\Users\zulfa\.m2\repository\io\cucumber\datatable\7.11.0\datatable-7.11.0.jar;C:\Users\zulfa\.m2\repository\io\cucumber\cucumber-plugin\7.11.0\cucumber-plugin-7.11.0.jar;C:\Users\zulfa\.m2\repository\io\cucumber\docstring\7.11.0\docstring-7.11.0.jar;C:\Users\zulfa\.m2\repository\io\cucumber\html-formatter\20.2.1\html-formatter-20.2.1.jar;C:\Users\zulfa\.m2\repository\io\cucumber\junit-xml-formatter\0.1.0\junit-xml-formatter-0.1.0.jar;C:\Users\zulfa\.m2\repository\io\cucumber\ci-environment\9.1.0\ci-environment-9.1.0.jar;C:\Users\zulfa\.m2\repository\io\cucumber\cucumber-java\7.11.0\cucumber-java-7.11.0.jar;C:\Users\zulfa\.m2\repository\io\cucumber\cucumber-junit\7.11.0\cucumber-junit-7.11.0.jar;C:\Users\zulfa\.m2\repository\org\apache\commons\commons-csv\1.5\commons-csv-1.5.jar;C:\Users\zulfa\.m2\repository\net\serenity-bdd\serenity-screenplay\3.6.21\serenity-screenplay-3.6.21.jar;C:\Users\zulfa\.m2\repository\net\serenity-bdd\serenity-screenplay-webdriver\3.6.21\serenity-screenplay-webdriver-3.6.21.jar;C:\Users\zulfa\.m2\repository\net\serenity-bdd\serenity-ensure\3.6.21\serenity-ensure-3.6.21.jar;C:\Users\zulfa\.m2\repository\net\serenity-bdd\serenity-junit\3.6.21\serenity-junit-3.6.21.jar;C:\Users\zulfa\.m2\repository\org\jetbrains\kotlin\kotlin-stdlib\1.8.10\kotlin-stdlib-1.8.10.jar;C:\Users\zulfa\.m2\repository\org\jetbrains\kotlin\kotlin-stdlib-common\1.8.10\kotlin-stdlib-common-1.8.10.jar;C:\Users\zulfa\.m2\repository\org\jetbrains\annotations\13.0\annotations-13.0.jar;C:\Users\zulfa\.m2\repository\org\junit\platform\junit-platform-launcher\1.8.2\junit-platform-launcher-1.8.2.jar;C:\Users\zulfa\.m2\repository\org\junit\platform\junit-platform-engine\1.8.2\junit-platform-engine-1.8.2.jar;C:\Users\zulfa\.m2\repository\org\opentest4j\opentest4j\1.2.0\opentest4j-1.2.0.jar;C:\Users\zulfa\.m2\repository\org\junit\platform\junit-platform-commons\1.8.2\junit-platform-commons-1.8.2.jar;C:\Users\zulfa\.m2\repository\org\apiguardian\apiguardian-api\1.1.2\apiguardian-api-1.1.2.jar;C:\Users\zulfa\.m2\repository\org\junit\jupiter\junit-jupiter-engine\5.8.2\junit-jupiter-engine-5.8.2.jar;C:\Users\zulfa\.m2\repository\org\junit\jupiter\junit-jupiter-api\5.8.2\junit-jupiter-api-5.8.2.jar;C:\Users\zulfa\.m2\repository\org\junit\vintage\junit-vintage-engine\5.8.2\junit-vintage-engine-5.8.2.jar;C:\Users\zulfa\.m2\repository\ch\qos\logback\logback-classic\1.2.10\logback-classic-1.2.10.jar;C:\Users\zulfa\.m2\repository\ch\qos\logback\logback-core\1.2.10\logback-core-1.2.10.jar;C:\Users\zulfa\.m2\repository\org\slf4j\slf4j-api\1.7.32\slf4j-api-1.7.32.jar;C:\Users\zulfa\.m2\repository\org\assertj\assertj-core\3.23.1\assertj-core-3.23.1.jar;C:\Users\zulfa\.m2\repository\net\bytebuddy\byte-buddy\1.12.10\byte-buddy-1.12.10.jar;C:\Users\zulfa\.m2\repository\org\slf4j\slf4j-simple\1.7.7\slf4j-simple-1.7.7.jar;C:\Users\zulfa\.m2\repository\io\appium\java-client\8.3.0\java-client-8.3.0.jar;C:\Users\zulfa\.m2\repository\org\seleniumhq\selenium\selenium-remote-driver\4.9.1\selenium-remote-driver-4.9.1.jar;C:\Users\zulfa\.m2\repository\com\beust\jcommander\1.82\jcommander-1.82.jar;C:\Users\zulfa\.m2\repository\io\netty\netty-buffer\4.1.91.Final\netty-buffer-4.1.91.Final.jar;C:\Users\zulfa\.m2\repository\io\netty\netty-codec-http\4.1.91.Final\netty-codec-http-4.1.91.Final.jar;C:\Users\zulfa\.m2\repository\io\netty\netty-codec\4.1.91.Final\netty-codec-4.1.91.Final.jar;C:\Users\zulfa\.m2\repository\io\netty\netty-handler\4.1.91.Final\netty-handler-4.1.91.Final.jar;C:\Users\zulfa\.m2\repository\io\netty\netty-common\4.1.91.Final\netty-common-4.1.91.Final.jar;C:\Users\zulfa\.m2\repository\io\netty\netty-transport-classes-epoll\4.1.91.Final\netty-transport-classes-epoll-4.1.91.Final.jar;C:\Users\zulfa\.m2\repository\io\netty\netty-transport-classes-kqueue\4.1.91.Final\netty-transport-classes-kqueue-4.1.91.Final.jar;C:\Users\zulfa\.m2\repository\io\netty\netty-transport-native-epoll\4.1.91.Final\netty-transport-native-epoll-4.1.91.Final.jar;C:\Users\zulfa\.m2\repository\io\netty\netty-transport-native-kqueue\4.1.91.Final\netty-transport-native-kqueue-4.1.91.Final.jar;C:\Users\zulfa\.m2\repository\io\netty\netty-transport-native-unix-common\4.1.91.Final\netty-transport-native-unix-common-4.1.91.Final.jar;C:\Users\zulfa\.m2\repository\io\netty\netty-transport\4.1.91.Final\netty-transport-4.1.91.Final.jar;C:\Users\zulfa\.m2\repository\io\netty\netty-resolver\4.1.91.Final\netty-resolver-4.1.91.Final.jar;C:\Users\zulfa\.m2\repository\io\opentelemetry\opentelemetry-api\1.25.0\opentelemetry-api-1.25.0.jar;C:\Users\zulfa\.m2\repository\io\opentelemetry\opentelemetry-context\1.25.0\opentelemetry-context-1.25.0.jar;C:\Users\zulfa\.m2\repository\io\opentelemetry\opentelemetry-exporter-logging\1.25.0\opentelemetry-exporter-logging-1.25.0.jar;C:\Users\zulfa\.m2\repository\io\opentelemetry\opentelemetry-sdk-metrics\1.25.0\opentelemetry-sdk-metrics-1.25.0.jar;C:\Users\zulfa\.m2\repository\io\opentelemetry\opentelemetry-sdk-logs\1.25.0-alpha\opentelemetry-sdk-logs-1.25.0-alpha.jar;C:\Users\zulfa\.m2\repository\io\opentelemetry\opentelemetry-api-logs\1.25.0-alpha\opentelemetry-api-logs-1.25.0-alpha.jar;C:\Users\zulfa\.m2\repository\io\opentelemetry\opentelemetry-api-events\1.25.0-alpha\opentelemetry-api-events-1.25.0-alpha.jar;C:\Users\zulfa\.m2\repository\io\opentelemetry\opentelemetry-sdk-common\1.25.0\opentelemetry-sdk-common-1.25.0.jar;C:\Users\zulfa\.m2\repository\io\opentelemetry\opentelemetry-sdk-extension-autoconfigure-spi\1.25.0\opentelemetry-sdk-extension-autoconfigure-spi-1.25.0.jar;C:\Users\zulfa\.m2\repository\io\opentelemetry\opentelemetry-sdk-extension-autoconfigure\1.25.0-alpha\opentelemetry-sdk-extension-autoconfigure-1.25.0-alpha.jar;C:\Users\zulfa\.m2\repository\io\opentelemetry\opentelemetry-sdk-trace\1.25.0\opentelemetry-sdk-trace-1.25.0.jar;C:\Users\zulfa\.m2\repository\io\opentelemetry\opentelemetry-sdk\1.25.0\opentelemetry-sdk-1.25.0.jar;C:\Users\zulfa\.m2\repository\io\opentelemetry\opentelemetry-semconv\1.25.0-alpha\opentelemetry-semconv-1.25.0-alpha.jar;C:\Users\zulfa\.m2\repository\io\ous\jtoml\2.0.0\jtoml-2.0.0.jar;C:\Users\zulfa\.m2\repository\org\apache\commons\commons-exec\1.3\commons-exec-1.3.jar;C:\Users\zulfa\.m2\repository\org\asynchttpclient\async-http-client\2.12.3\async-http-client-2.12.3.jar;C:\Users\zulfa\.m2\repository\org\asynchttpclient\async-http-client-netty-utils\2.12.3\async-http-client-netty-utils-2.12.3.jar;C:\Users\zulfa\.m2\repository\io\netty\netty-codec-socks\4.1.60.Final\netty-codec-socks-4.1.60.Final.jar;C:\Users\zulfa\.m2\repository\io\netty\netty-handler-proxy\4.1.60.Final\netty-handler-proxy-4.1.60.Final.jar;C:\Users\zulfa\.m2\repository\io\netty\netty-transport-native-epoll\4.1.60.Final\netty-transport-native-epoll-4.1.60.Final-linux-x86_64.jar;C:\Users\zulfa\.m2\repository\io\netty\netty-transport-native-kqueue\4.1.60.Final\netty-transport-native-kqueue-4.1.60.Final-osx-x86_64.jar;C:\Users\zulfa\.m2\repository\org\reactivestreams\reactive-streams\1.0.3\reactive-streams-1.0.3.jar;C:\Users\zulfa\.m2\repository\com\typesafe\netty\netty-reactive-streams\2.0.4\netty-reactive-streams-2.0.4.jar;C:\Users\zulfa\.m2\repository\org\seleniumhq\selenium\selenium-manager\4.9.1\selenium-manager-4.9.1.jar;C:\Users\zulfa\.m2\repository\cglib\cglib\3.3.0\cglib-3.3.0.jar;C:\Users\zulfa\.m2\repository\org\ow2\asm\asm\7.1\asm-7.1.jar;C:\Users\zulfa\.m2\repository\commons-validator\commons-validator\1.7\commons-validator-1.7.jar;C:\Users\zulfa\.m2\repository\commons-digester\commons-digester\2.1\commons-digester-2.1.jar;C:\Users\zulfa\.m2\repository\org\yaml\snakeyaml\1.29\snakeyaml-1.29.jar;C:\Users\zulfa\.m2\repository\info\cukes\cucumber-java\1.0.1\cucumber-java-1.0.1.jar;C:\Users\zulfa\.m2\repository\info\cukes\cucumber-core\1.0.1\cucumber-core-1.0.1.jar;C:\Users\zulfa\.m2\repository\info\cukes\gherkin\2.9.3\gherkin-2.9.3.jar;C:\Users\zulfa\.m2\repository\info\cukes\cucumber-html\0.2.1\cucumber-html-0.2.1.jar;C:\Users\zulfa\.m2\repository\org\seleniumhq\selenium\selenium-support\4.8.1\selenium-support-4.8.1.jar;C:\Users\zulfa\.m2\repository\com\google\auto\service\auto-service-annotations\1.0.1\auto-service-annotations-1.0.1.jar;C:\Users\zulfa\.m2\repository\com\google\auto\service\auto-service\1.0.1\auto-service-1.0.1.jar;C:\Users\zulfa\.m2\repository\com\google\auto\auto-common\1.2\auto-common-1.2.jar;C:\Users\zulfa\.m2\repository\com\google\guava\guava\31.1-jre\guava-31.1-jre.jar;C:\Users\zulfa\.m2\repository\com\google\guava\failureaccess\1.0.1\failureaccess-1.0.1.jar;C:\Users\zulfa\.m2\repository\com\google\guava\listenablefuture\9999.0-empty-to-avoid-conflict-with-guava\listenablefuture-9999.0-empty-to-avoid-conflict-with-guava.jar;C:\Users\zulfa\.m2\repository\com\google\code\findbugs\jsr305\3.0.2\jsr305-3.0.2.jar;C:\Users\zulfa\.m2\repository\org\checkerframework\checker-qual\3.12.0\checker-qual-3.12.0.jar;C:\Users\zulfa\.m2\repository\com\google\errorprone\error_prone_annotations\2.11.0\error_prone_annotations-2.11.0.jar;C:\Users\zulfa\.m2\repository\com\google\j2objc\j2objc-annotations\1.3\j2objc-annotations-1.3.jar;C:\Users\zulfa\.m2\repository\org\seleniumhq\selenium\selenium-json\4.8.1\selenium-json-4.8.1.jar;C:\Users\zulfa\.m2\repository\junit\junit\4.13.2\junit-4.13.2.jar;C:\Users\zulfa\.m2\repository\org\hamcrest\hamcrest-core\1.3\hamcrest-core-1.3.jar;"/>
    <property name="sun.cpu.endian" value="little"/>
    <property name="user.home" value="C:\Users\zulfa"/>
    <property name="user.language" value="en"/>
    <property name="java.specification.vendor" value="Oracle Corporation"/>
    <property name="java.home" value="C:\Program Files\Java\jdk1.8.0_202\jre"/>
    <property name="tags" value="@Login"/>
    <property name="basedir" value="C:\Users\zulfa\IdeaProjects\Mobile - MP"/>
    <property name="file.separator" value="\"/>
    <property name="line.separator" value="&#10;"/>
    <property name="java.vm.specification.vendor" value="Oracle Corporation"/>
    <property name="java.specification.name" value="Java Platform API Specification"/>
    <property name="java.awt.graphicsenv" value="sun.awt.Win32GraphicsEnvironment"/>
    <property name="surefire.real.class.path" value="C:\Users\zulfa\AppData\Local\Temp\surefire6634595516824016709\surefirebooter8272283683324405580.jar"/>
    <property name="sun.boot.class.path" value="C:\Program Files\Java\jdk1.8.0_202\jre\lib\resources.jar;C:\Program Files\Java\jdk1.8.0_202\jre\lib\rt.jar;C:\Program Files\Java\jdk1.8.0_202\jre\lib\sunrsasign.jar;C:\Program Files\Java\jdk1.8.0_202\jre\lib\jsse.jar;C:\Program Files\Java\jdk1.8.0_202\jre\lib\jce.jar;C:\Program Files\Java\jdk1.8.0_202\jre\lib\charsets.jar;C:\Program Files\Java\jdk1.8.0_202\jre\lib\jfr.jar;C:\Program Files\Java\jdk1.8.0_202\jre\classes"/>
    <property name="user.script" value=""/>
    <property name="sun.management.compiler" value="HotSpot 64-Bit Tiered Compilers"/>
    <property name="java.runtime.version" value="1.8.0_202-b08"/>
    <property name="user.name" value="zulfa"/>
    <property name="path.separator" value=";"/>
    <property name="os.version" value="10.0"/>
    <property name="java.endorsed.dirs" value="C:\Program Files\Java\jdk1.8.0_202\jre\lib\endorsed"/>
    <property name="java.runtime.name" value="Java(TM) SE Runtime Environment"/>
    <property name="file.encoding" value="Cp1252"/>
    <property name="java.vm.name" value="Java HotSpot(TM) 64-Bit Server VM"/>
    <property name="localRepository" value="C:\Users\zulfa\.m2\repository"/>
    <property name="java.vendor.url.bug" value="http://bugreport.sun.com/bugreport/"/>
    <property name="java.io.tmpdir" value="C:\Users\zulfa\AppData\Local\Temp\"/>
    <property name="java.version" value="1.8.0_202"/>
    <property name="user.dir" value="C:\Users\zulfa\IdeaProjects\Mobile - MP"/>
    <property name="os.arch" value="amd64"/>
    <property name="java.vm.specification.name" value="Java Virtual Machine Specification"/>
    <property name="java.awt.printerjob" value="sun.awt.windows.WPrinterJob"/>
    <property name="sun.os.patch.level" value=""/>
    <property name="java.library.path" value="C:\Program Files\Java\jdk1.8.0_202\jre\bin;C:\Windows\Sun\Java\bin;C:\Windows\system32;C:\Windows;C:\Users\zulfa\AppData\Local\Programs\Python\Python311\Scripts\;C:\Users\zulfa\AppData\Local\Programs\Python\Python311\;C:\Program Files (x86)\Common Files\Oracle\Java\javapath;C:\Windows\system32;C:\Windows;C:\Windows\System32\Wbem;C:\Windows\System32\WindowsPowerShell\v1.0\;C:\Windows\System32\OpenSSH\;C:\Program Files\Java\jdk1.8.0_202\bin;C:\Program Files\Git\cmd;C:\xampp2\php;C:\ProgramData\ComposerSetup\bin;C:\Users\zulfa\AppData\Roaming\Python\Python310\Scripts;C:\Program Files\apache-maven-3.9.1\bin;C:\Program Files\nodejs\;C:\ProgramData\chocolatey\bin;C:\Users\zulfa\AppData\Local\Android\Sdk;C:\Users\zulfa\AppData\Local\Android\Sdk\platform-tools;C:\Users\zulfa\AppData\Local\Microsoft\WindowsApps;C:\Users\zulfa\AppData\Roaming\Composer\vendor\bin;C:\Users\zulfa\AppData\Local\JetBrains\Toolbox\scripts;C:\Program Files\Python310;C:\Program Files\Python310\Scripts;C:\Users\zulfa\AppData\Local\Programs\Microsoft VS Code\bin;C:\Program Files\JetBrains\IntelliJ IDEA Community Edition 2022.3.2\bin;C:\Users\zulfa\AppData\Roaming\npm;."/>
    <property name="java.vm.info" value="mixed mode"/>
    <property name="java.vendor" value="Oracle Corporation"/>
    <property name="java.vm.version" value="25.202-b08"/>
    <property name="java.ext.dirs" value="C:\Program Files\Java\jdk1.8.0_202\jre\lib\ext;C:\Windows\Sun\Java\lib\ext"/>
    <property name="sun.io.unicode.encoding" value="UnicodeLittle"/>
    <property name="java.class.version" value="52.0"/>
  </properties>
  <testcase name="user on dashboard for login" classname="As a user i can login with valid credential" time="29.113">
    <system-out><![CDATA[20:22:19.401 [main] DEBUG net.thucydides.core.guice.Injectors - Created injector for module net.thucydides.core.guice.ThucydidesModule
20:22:20.307 [main] DEBUG io.cucumber.core.plugin.SerenityReporter - Running feature from file:///C:/Users/zulfa/IdeaProjects/Mobile%20-%20MP/src/test/resources/features/AddProductToCart.feature
20:22:20.846 [main] DEBUG net.thucydides.core.guice.Injectors - Created injector for module net.thucydides.core.guice.webdriver.WebDriverModule
20:22:20.890 [main] INFO  - 

-------------------------------------------------------------------------------------
     _______. _______ .______       _______ .__   __.  __  .___________.____    ____ 
    /       ||   ____||   _  \     |   ____||  \ |  | |  | |           |\   \  /   / 
   |   (----`|  |__   |  |_)  |    |  |__   |   \|  | |  | `---|  |----` \   \/   /  
    \   \    |   __|  |      /     |   __|  |  . `  | |  |     |  |       \_    _/   
.----)   |   |  |____ |  |\  \----.|  |____ |  |\   | |  |     |  |         |  |     
|_______/    |_______|| _| `._____||_______||__| \__| |__|     |__|         |__|    
                                                                                     
 News and tutorials at http://www.serenity-bdd.info                                  
 Documentation at https://wakaleo.gitbooks.io/the-serenity-book/content/             
 Join the Serenity Community on Gitter: https://gitter.im/serenity-bdd/serenity-core 
 Serenity BDD Support and Training at http://serenity-bdd.info/#/trainingandsupport  
-------------------------------------------------------------------------------------

20:22:20.895 [main] DEBUG net.thucydides.core.steps.StepEventBus - Test suite started for story net.thucydides.core.model.Story@c2e69ff9
20:22:20.898 [main] INFO  - Test Suite Started: As a user i have be able to add product to cart so that i can see product on cart
20:22:20.950 [main] DEBUG io.cucumber.core.plugin.SerenityReporter - Running feature from file:///C:/Users/zulfa/IdeaProjects/Mobile%20-%20MP/src/test/resources/features/Login.feature
20:22:20.962 [main] DEBUG net.thucydides.core.steps.StepEventBus - Test suite started for story net.thucydides.core.model.Story@a077a8ae
20:22:20.963 [main] INFO  - Test Suite Started: As a user i have be able to login so that i can see home screen
20:22:20.964 [main] DEBUG io.cucumber.core.plugin.SerenityReporter - Running feature from file:///C:/Users/zulfa/IdeaProjects/Mobile%20-%20MP/src/test/resources/features/Register.feature
20:22:20.976 [main] DEBUG net.thucydides.core.steps.StepEventBus - Test suite started for story net.thucydides.core.model.Story@640197e1
20:22:20.977 [main] INFO  - Test Suite Started: As a user i have be able to resgister so that i can see home screen
20:22:20.978 [main] DEBUG io.cucumber.core.plugin.SerenityReporter - Running feature from file:///C:/Users/zulfa/IdeaProjects/Mobile%20-%20MP/src/test/resources/features/Login.feature
20:22:20.983 [main] DEBUG net.thucydides.core.steps.StepEventBus - Test suite started for story net.thucydides.core.model.Story@a077a8ae
20:22:20.984 [main] INFO  - Test Suite Started: As a user i have be able to login so that i can see home screen
20:22:21.243 [main] DEBUG io.cucumber.core.plugin.SerenityReporter - Running feature from file:///C:/Users/zulfa/IdeaProjects/Mobile%20-%20MP/src/test/resources/features/Login.feature
20:22:21.584 [main] INFO  - 
  _____   ___   ___   _____     ___   _____     _     ___   _____   ___   ___  
 |_   _| | __| / __| |_   _|   / __| |_   _|   /_\   | _ \ |_   _| | __| |   \ 
   | |   | _|  \__ \   | |     \__ \   | |    / _ \  |   /   | |   | _|  | |) |
   |_|   |___| |___/   |_|     |___/   |_|   /_/ \_\ |_|_\   |_|   |___| |___/ 

As a user i can login with valid credential(as-a-user-i-have-be-able-to-login-so-that-i-can-see-home-screen;as-a-user-i-can-login-with-valid-credential)
--------------------------------------------------------------------------------
20:22:21.762 [main] DEBUG net.thucydides.core.requirements.model.cucumber.CucumberParser - Loading feature C:\Users\zulfa\IdeaProjects\Mobile - MP\src\test\resources\features\AddProductToCart.feature
20:22:21.807 [main] DEBUG net.thucydides.core.requirements.model.cucumber.CucumberParser - Loading feature C:\Users\zulfa\IdeaProjects\Mobile - MP\src\test\resources\features\Login.feature
20:22:21.830 [main] DEBUG net.thucydides.core.requirements.model.cucumber.CucumberParser - Loading feature C:\Users\zulfa\IdeaProjects\Mobile - MP\src\test\resources\features\Register.feature
20:22:23.809 [main] DEBUG net.thucydides.core.steps.StepInterceptor - STARTING STEP: UserSteps.userOnLoginPageForLogin - onDashboard
20:22:24.190 [main] DEBUG io.netty.util.internal.logging.InternalLoggerFactory - Using SLF4J as the default logging framework
20:22:24.205 [main] DEBUG io.netty.util.ResourceLeakDetector - -Dio.netty.leakDetection.level: simple
20:22:24.205 [main] DEBUG io.netty.util.ResourceLeakDetector - -Dio.netty.leakDetection.targetRecords: 4
20:22:24.217 [main] DEBUG io.netty.util.ResourceLeakDetectorFactory - Loaded default ResourceLeakDetector: io.netty.util.ResourceLeakDetector@67efd2c2
20:22:24.283 [main] DEBUG io.netty.util.internal.PlatformDependent0 - -Dio.netty.noUnsafe: false
20:22:24.283 [main] DEBUG io.netty.util.internal.PlatformDependent0 - Java version: 8
20:22:24.286 [main] DEBUG io.netty.util.internal.PlatformDependent0 - sun.misc.Unsafe.theUnsafe: available
20:22:24.288 [main] DEBUG io.netty.util.internal.PlatformDependent0 - sun.misc.Unsafe.copyMemory: available
20:22:24.290 [main] DEBUG io.netty.util.internal.PlatformDependent0 - sun.misc.Unsafe.storeFence: available
20:22:24.291 [main] DEBUG io.netty.util.internal.PlatformDependent0 - java.nio.Buffer.address: available
20:22:24.294 [main] DEBUG io.netty.util.internal.PlatformDependent0 - direct buffer constructor: available
20:22:24.298 [main] DEBUG io.netty.util.internal.PlatformDependent0 - java.nio.Bits.unaligned: available, true
20:22:24.299 [main] DEBUG io.netty.util.internal.PlatformDependent0 - jdk.internal.misc.Unsafe.allocateUninitializedArray(int): unavailable prior to Java9
20:22:24.300 [main] DEBUG io.netty.util.internal.PlatformDependent0 - java.nio.DirectByteBuffer.<init>(long, int): available
20:22:24.301 [main] DEBUG io.netty.util.internal.PlatformDependent - sun.misc.Unsafe: available
20:22:24.303 [main] DEBUG io.netty.util.internal.PlatformDependent - -Dio.netty.tmpdir: C:\Users\zulfa\AppData\Local\Temp (java.io.tmpdir)
20:22:24.303 [main] DEBUG io.netty.util.internal.PlatformDependent - -Dio.netty.bitMode: 64 (sun.arch.data.model)
20:22:24.303 [main] DEBUG io.netty.util.internal.PlatformDependent - Platform: Windows
20:22:24.305 [main] DEBUG io.netty.util.internal.PlatformDependent - -Dio.netty.maxDirectMemory: 2837446656 bytes
20:22:24.306 [main] DEBUG io.netty.util.internal.PlatformDependent - -Dio.netty.uninitializedArrayAllocationThreshold: -1
20:22:24.310 [main] DEBUG io.netty.util.internal.CleanerJava6 - java.nio.ByteBuffer.cleaner(): available
20:22:24.310 [main] DEBUG io.netty.util.internal.PlatformDependent - -Dio.netty.noPreferDirect: false
20:22:24.340 [main] DEBUG io.netty.util.internal.PlatformDependent - org.jctools-core.MpscChunkedArrayQueue: available
20:22:24.440 [main] DEBUG io.netty.util.internal.InternalThreadLocalMap - -Dio.netty.threadLocalMap.stringBuilder.initialSize: 1024
20:22:24.440 [main] DEBUG io.netty.util.internal.InternalThreadLocalMap - -Dio.netty.threadLocalMap.stringBuilder.maxSize: 4096
20:22:25.282 [main] DEBUG io.netty.handler.ssl.JdkSslContext - Default protocols (JDK): [TLSv1.2, TLSv1.1, TLSv1] 
20:22:25.283 [main] DEBUG io.netty.handler.ssl.JdkSslContext - Default cipher suites (JDK): [TLS_ECDHE_ECDSA_WITH_AES_256_GCM_SHA384, TLS_ECDHE_ECDSA_WITH_AES_128_GCM_SHA256, TLS_ECDHE_RSA_WITH_AES_128_GCM_SHA256, TLS_ECDHE_RSA_WITH_AES_256_GCM_SHA384, TLS_ECDHE_RSA_WITH_AES_128_CBC_SHA, TLS_ECDHE_RSA_WITH_AES_256_CBC_SHA, TLS_RSA_WITH_AES_128_GCM_SHA256, TLS_RSA_WITH_AES_128_CBC_SHA, TLS_RSA_WITH_AES_256_CBC_SHA]
20:22:25.332 [main] DEBUG io.netty.util.concurrent.GlobalEventExecutor - -Dio.netty.globalEventExecutor.quietPeriodSeconds: 1
20:22:25.396 [main] DEBUG io.netty.channel.MultithreadEventLoopGroup - -Dio.netty.eventLoopThreads: 8
20:22:25.434 [main] DEBUG io.netty.channel.nio.NioEventLoop - -Dio.netty.noKeySetOptimization: false
20:22:25.434 [main] DEBUG io.netty.channel.nio.NioEventLoop - -Dio.netty.selectorAutoRebuildThreshold: 512
20:22:25.535 [main] DEBUG io.netty.buffer.PooledByteBufAllocator - -Dio.netty.allocator.numHeapArenas: 8
20:22:25.535 [main] DEBUG io.netty.buffer.PooledByteBufAllocator - -Dio.netty.allocator.numDirectArenas: 8
20:22:25.536 [main] DEBUG io.netty.buffer.PooledByteBufAllocator - -Dio.netty.allocator.pageSize: 8192
20:22:25.536 [main] DEBUG io.netty.buffer.PooledByteBufAllocator - -Dio.netty.allocator.maxOrder: 9
20:22:25.536 [main] DEBUG io.netty.buffer.PooledByteBufAllocator - -Dio.netty.allocator.chunkSize: 4194304
20:22:25.537 [main] DEBUG io.netty.buffer.PooledByteBufAllocator - -Dio.netty.allocator.smallCacheSize: 256
20:22:25.537 [main] DEBUG io.netty.buffer.PooledByteBufAllocator - -Dio.netty.allocator.normalCacheSize: 64
20:22:25.537 [main] DEBUG io.netty.buffer.PooledByteBufAllocator - -Dio.netty.allocator.maxCachedBufferCapacity: 32768
20:22:25.537 [main] DEBUG io.netty.buffer.PooledByteBufAllocator - -Dio.netty.allocator.cacheTrimInterval: 8192
20:22:25.537 [main] DEBUG io.netty.buffer.PooledByteBufAllocator - -Dio.netty.allocator.cacheTrimIntervalMillis: 0
20:22:25.537 [main] DEBUG io.netty.buffer.PooledByteBufAllocator - -Dio.netty.allocator.useCacheForAllThreads: false
20:22:25.537 [main] DEBUG io.netty.buffer.PooledByteBufAllocator - -Dio.netty.allocator.maxCachedByteBuffersPerChunk: 1023
20:22:25.568 [main] DEBUG io.netty.buffer.ByteBufUtil - -Dio.netty.allocator.type: pooled
20:22:25.569 [main] DEBUG io.netty.buffer.ByteBufUtil - -Dio.netty.threadLocalDirectBufferSize: 0
20:22:25.569 [main] DEBUG io.netty.buffer.ByteBufUtil - -Dio.netty.maxThreadLocalCharBufferSize: 16384
20:22:26.204 [Forwarding newSession on session null to remote] DEBUG io.netty.channel.DefaultChannelId - -Dio.netty.processId: 14528 (auto-detected)
20:22:26.209 [Forwarding newSession on session null to remote] DEBUG io.netty.util.NetUtil - -Djava.net.preferIPv4Stack: false
20:22:26.209 [Forwarding newSession on session null to remote] DEBUG io.netty.util.NetUtil - -Djava.net.preferIPv6Addresses: false
20:22:26.593 [Forwarding newSession on session null to remote] DEBUG io.netty.util.NetUtilInitializations - Loopback interface: lo (Software Loopback Interface 1, 127.0.0.1)
20:22:26.596 [Forwarding newSession on session null to remote] DEBUG io.netty.util.NetUtil - Failed to get SOMAXCONN from sysctl and file \proc\sys\net\core\somaxconn. Default: 200
20:22:26.619 [Forwarding newSession on session null to remote] DEBUG io.netty.channel.DefaultChannelId - -Dio.netty.machineId: 24:41:8c:ff:fe:5c:5a:c1 (auto-detected)
20:22:26.797 [AsyncHttpClient-1-2] DEBUG io.netty.buffer.AbstractByteBuf - -Dio.netty.buffer.checkAccessible: true
20:22:26.797 [AsyncHttpClient-1-2] DEBUG io.netty.buffer.AbstractByteBuf - -Dio.netty.buffer.checkBounds: true
20:22:26.797 [AsyncHttpClient-1-2] DEBUG io.netty.util.ResourceLeakDetectorFactory - Loaded default ResourceLeakDetector: io.netty.util.ResourceLeakDetector@289d5685
20:22:26.862 [AsyncHttpClient-1-2] DEBUG org.asynchttpclient.netty.channel.NettyConnectListener - Using new Channel '[id: 0x40f87952, L:/192.168.56.1:54510 - R:/0.0.0.0:4723]' for 'POST' to '/wd/hub/session'
20:22:26.916 [AsyncHttpClient-1-2] DEBUG io.netty.util.Recycler - -Dio.netty.recycler.maxCapacityPerThread: 4096
20:22:26.917 [AsyncHttpClient-1-2] DEBUG io.netty.util.Recycler - -Dio.netty.recycler.ratio: 8
20:22:26.917 [AsyncHttpClient-1-2] DEBUG io.netty.util.Recycler - -Dio.netty.recycler.chunkSize: 32
20:22:26.917 [AsyncHttpClient-1-2] DEBUG io.netty.util.Recycler - -Dio.netty.recycler.blocking: false
20:22:26.917 [AsyncHttpClient-1-2] DEBUG io.netty.util.Recycler - -Dio.netty.recycler.batchFastThreadLocalOnly: true
20:22:48.414 [AsyncHttpClient-1-2] DEBUG io.netty.handler.codec.compression.Brotli - brotli4j not in the classpath; Brotli support will be unavailable.
20:22:48.415 [AsyncHttpClient-1-2] DEBUG org.asynchttpclient.netty.handler.HttpHandler - 

Request DefaultHttpRequest(decodeResult: success, version: HTTP/1.1)
POST /wd/hub/session HTTP/1.1
X-Idempotency-Key: 0b580e01-9417-4ce3-b126-3adae96f000c
User-Agent: appium/8.3.0 (selenium/4.8.1 (java windows))
Content-Length: 308
Content-Type: application/json; charset=utf-8
host: 0.0.0.0:4723
accept: */*

Response DefaultHttpResponse(decodeResult: success, version: HTTP/1.1)
HTTP/1.1 200 OK
X-Powered-By: Express
Vary: X-HTTP-Method-Override
Content-Type: application/json; charset=utf-8
Content-Length: 936
ETag: W/"3a8-EBX06UsFhDGq9xTODwMf9g9dXFk"
Date: Fri, 12 May 2023 13:22:48 GMT
Connection: keep-alive
Keep-Alive: timeout=600

20:22:48.444 [AsyncHttpClient-1-2] DEBUG org.asynchttpclient.netty.channel.ChannelManager - Adding key: http://0.0.0.0:4723 for channel [id: 0x40f87952, L:/192.168.56.1:54510 - R:/0.0.0.0:4723]
20:22:48.782 [Forwarding setTimeout on session 4809d82c-12fe-4ef0-8dbe-5f1d9ffb354f to remote] DEBUG org.asynchttpclient.netty.request.NettyRequestSender - Using pooled Channel '[id: 0x40f87952, L:/192.168.56.1:54510 - R:/0.0.0.0:4723]' for 'POST' to 'http://0.0.0.0:4723/wd/hub/session/4809d82c-12fe-4ef0-8dbe-5f1d9ffb354f/timeouts'
20:22:48.782 [Forwarding setTimeout on session 4809d82c-12fe-4ef0-8dbe-5f1d9ffb354f to remote] DEBUG org.asynchttpclient.netty.request.NettyRequestSender - Using open Channel [id: 0x40f87952, L:/192.168.56.1:54510 - R:/0.0.0.0:4723] for POST '/wd/hub/session/4809d82c-12fe-4ef0-8dbe-5f1d9ffb354f/timeouts'
20:22:48.799 [AsyncHttpClient-1-2] DEBUG org.asynchttpclient.netty.handler.HttpHandler - 

Request DefaultHttpRequest(decodeResult: success, version: HTTP/1.1)
POST /wd/hub/session/4809d82c-12fe-4ef0-8dbe-5f1d9ffb354f/timeouts HTTP/1.1
User-Agent: appium/8.3.0 (selenium/4.8.1 (java windows))
Content-Length: 23
Content-Type: application/json; charset=utf-8
host: 0.0.0.0:4723
accept: */*

Response DefaultHttpResponse(decodeResult: success, version: HTTP/1.1)
HTTP/1.1 200 OK
X-Powered-By: Express
Vary: X-HTTP-Method-Override
Content-Type: application/json; charset=utf-8
Content-Length: 14
ETag: W/"e-9/1BuKMgFObM1mWJm+YjxtXJnUM"
Date: Fri, 12 May 2023 13:22:48 GMT
Connection: keep-alive
Keep-Alive: timeout=600

20:22:48.802 [AsyncHttpClient-1-2] DEBUG org.asynchttpclient.netty.channel.ChannelManager - Adding key: http://0.0.0.0:4723 for channel [id: 0x40f87952, L:/192.168.56.1:54510 - R:/0.0.0.0:4723]
20:22:48.827 [Forwarding findElement on session 4809d82c-12fe-4ef0-8dbe-5f1d9ffb354f to remote] DEBUG org.asynchttpclient.netty.request.NettyRequestSender - Using pooled Channel '[id: 0x40f87952, L:/192.168.56.1:54510 - R:/0.0.0.0:4723]' for 'POST' to 'http://0.0.0.0:4723/wd/hub/session/4809d82c-12fe-4ef0-8dbe-5f1d9ffb354f/element'
20:22:48.828 [Forwarding findElement on session 4809d82c-12fe-4ef0-8dbe-5f1d9ffb354f to remote] DEBUG org.asynchttpclient.netty.request.NettyRequestSender - Using open Channel [id: 0x40f87952, L:/192.168.56.1:54510 - R:/0.0.0.0:4723] for POST '/wd/hub/session/4809d82c-12fe-4ef0-8dbe-5f1d9ffb354f/element'
20:22:50.778 [AsyncHttpClient-1-2] DEBUG org.asynchttpclient.netty.handler.HttpHandler - 

Request DefaultHttpRequest(decodeResult: success, version: HTTP/1.1)
POST /wd/hub/session/4809d82c-12fe-4ef0-8dbe-5f1d9ffb354f/element HTTP/1.1
User-Agent: appium/8.3.0 (selenium/4.8.1 (java windows))
Content-Length: 326
Content-Type: application/json; charset=utf-8
host: 0.0.0.0:4723
accept: */*

Response DefaultHttpResponse(decodeResult: success, version: HTTP/1.1)
HTTP/1.1 200 OK
X-Powered-By: Express
Vary: X-HTTP-Method-Override
Content-Type: application/json; charset=utf-8
Content-Length: 137
ETag: W/"89-OHwG5RWTzAp7rs1HjSJ4aBKDYsk"
Date: Fri, 12 May 2023 13:22:50 GMT
Connection: keep-alive
Keep-Alive: timeout=600

20:22:50.779 [AsyncHttpClient-1-2] DEBUG org.asynchttpclient.netty.channel.ChannelManager - Adding key: http://0.0.0.0:4723 for channel [id: 0x40f87952, L:/192.168.56.1:54510 - R:/0.0.0.0:4723]
20:22:50.799 [Forwarding isElementDisplayed on session 4809d82c-12fe-4ef0-8dbe-5f1d9ffb354f to remote] DEBUG org.asynchttpclient.netty.request.NettyRequestSender - Using pooled Channel '[id: 0x40f87952, L:/192.168.56.1:54510 - R:/0.0.0.0:4723]' for 'GET' to 'http://0.0.0.0:4723/wd/hub/session/4809d82c-12fe-4ef0-8dbe-5f1d9ffb354f/element/00000000-0000-0653-0000-000700000000/displayed'
20:22:50.801 [Forwarding isElementDisplayed on session 4809d82c-12fe-4ef0-8dbe-5f1d9ffb354f to remote] DEBUG org.asynchttpclient.netty.request.NettyRequestSender - Using open Channel [id: 0x40f87952, L:/192.168.56.1:54510 - R:/0.0.0.0:4723] for GET '/wd/hub/session/4809d82c-12fe-4ef0-8dbe-5f1d9ffb354f/element/00000000-0000-0653-0000-000700000000/displayed'
20:22:50.914 [AsyncHttpClient-1-2] DEBUG org.asynchttpclient.netty.handler.HttpHandler - 

Request DefaultFullHttpRequest(decodeResult: success, version: HTTP/1.1, content: EmptyByteBufBE)
GET /wd/hub/session/4809d82c-12fe-4ef0-8dbe-5f1d9ffb354f/element/00000000-0000-0653-0000-000700000000/displayed HTTP/1.1
User-Agent: appium/8.3.0 (selenium/4.8.1 (java windows))
Cache-Control: no-cache
Content-Type: application/json; charset=utf-8
host: 0.0.0.0:4723
accept: */*

Response DefaultHttpResponse(decodeResult: success, version: HTTP/1.1)
HTTP/1.1 200 OK
X-Powered-By: Express
Content-Type: application/json; charset=utf-8
Content-Length: 14
ETag: W/"e-2ZHvAWebNQpyjGZTg6uyV8/spTo"
Date: Fri, 12 May 2023 13:22:50 GMT
Connection: keep-alive
Keep-Alive: timeout=600

20:22:50.916 [AsyncHttpClient-1-2] DEBUG org.asynchttpclient.netty.channel.ChannelManager - Adding key: http://0.0.0.0:4723 for channel [id: 0x40f87952, L:/192.168.56.1:54510 - R:/0.0.0.0:4723]
20:22:50.928 [Forwarding isElementDisplayed on session 4809d82c-12fe-4ef0-8dbe-5f1d9ffb354f to remote] DEBUG org.asynchttpclient.netty.request.NettyRequestSender - Using pooled Channel '[id: 0x40f87952, L:/192.168.56.1:54510 - R:/0.0.0.0:4723]' for 'GET' to 'http://0.0.0.0:4723/wd/hub/session/4809d82c-12fe-4ef0-8dbe-5f1d9ffb354f/element/00000000-0000-0653-0000-000700000000/displayed'
20:22:50.929 [Forwarding isElementDisplayed on session 4809d82c-12fe-4ef0-8dbe-5f1d9ffb354f to remote] DEBUG org.asynchttpclient.netty.request.NettyRequestSender - Using open Channel [id: 0x40f87952, L:/192.168.56.1:54510 - R:/0.0.0.0:4723] for GET '/wd/hub/session/4809d82c-12fe-4ef0-8dbe-5f1d9ffb354f/element/00000000-0000-0653-0000-000700000000/displayed'
20:22:50.994 [AsyncHttpClient-1-2] DEBUG org.asynchttpclient.netty.handler.HttpHandler - 

Request DefaultFullHttpRequest(decodeResult: success, version: HTTP/1.1, content: EmptyByteBufBE)
GET /wd/hub/session/4809d82c-12fe-4ef0-8dbe-5f1d9ffb354f/element/00000000-0000-0653-0000-000700000000/displayed HTTP/1.1
User-Agent: appium/8.3.0 (selenium/4.8.1 (java windows))
Cache-Control: no-cache
Content-Type: application/json; charset=utf-8
host: 0.0.0.0:4723
accept: */*

Response DefaultHttpResponse(decodeResult: success, version: HTTP/1.1)
HTTP/1.1 200 OK
X-Powered-By: Express
Content-Type: application/json; charset=utf-8
Content-Length: 14
ETag: W/"e-2ZHvAWebNQpyjGZTg6uyV8/spTo"
Date: Fri, 12 May 2023 13:22:50 GMT
Connection: keep-alive
Keep-Alive: timeout=600

20:22:50.995 [AsyncHttpClient-1-2] DEBUG org.asynchttpclient.netty.channel.ChannelManager - Adding key: http://0.0.0.0:4723 for channel [id: 0x40f87952, L:/192.168.56.1:54510 - R:/0.0.0.0:4723]
20:22:51.014 [main] DEBUG net.thucydides.core.steps.StepInterceptor - STEP DONE: onDashboard
]]></system-out>
    <system-err><![CDATA[SLF4J: Class path contains multiple SLF4J bindings.
SLF4J: Found binding in [jar:file:/C:/Users/zulfa/.m2/repository/ch/qos/logback/logback-classic/1.2.10/logback-classic-1.2.10.jar!/org/slf4j/impl/StaticLoggerBinder.class]
SLF4J: Found binding in [jar:file:/C:/Users/zulfa/.m2/repository/org/slf4j/slf4j-simple/1.7.7/slf4j-simple-1.7.7.jar!/org/slf4j/impl/StaticLoggerBinder.class]
SLF4J: See http://www.slf4j.org/codes.html#multiple_bindings for an explanation.
SLF4J: Actual binding is of type [ch.qos.logback.classic.util.ContextSelectorStaticBinder]
]]></system-err>
  </testcase>
  <testcase name="user click logout for login" classname="As a user i can login with valid credential" time="1.286">
    <system-out><![CDATA[20:22:51.074 [main] DEBUG net.thucydides.core.steps.StepInterceptor - STARTING STEP: UserSteps.userClickLogoutForLogin - onDashboardClick
20:22:51.084 [Forwarding findElement on session 4809d82c-12fe-4ef0-8dbe-5f1d9ffb354f to remote] DEBUG org.asynchttpclient.netty.request.NettyRequestSender - Using pooled Channel '[id: 0x40f87952, L:/192.168.56.1:54510 - R:/0.0.0.0:4723]' for 'POST' to 'http://0.0.0.0:4723/wd/hub/session/4809d82c-12fe-4ef0-8dbe-5f1d9ffb354f/element'
20:22:51.084 [Forwarding findElement on session 4809d82c-12fe-4ef0-8dbe-5f1d9ffb354f to remote] DEBUG org.asynchttpclient.netty.request.NettyRequestSender - Using open Channel [id: 0x40f87952, L:/192.168.56.1:54510 - R:/0.0.0.0:4723] for POST '/wd/hub/session/4809d82c-12fe-4ef0-8dbe-5f1d9ffb354f/element'
20:22:51.347 [AsyncHttpClient-1-2] DEBUG org.asynchttpclient.netty.handler.HttpHandler - 

Request DefaultHttpRequest(decodeResult: success, version: HTTP/1.1)
POST /wd/hub/session/4809d82c-12fe-4ef0-8dbe-5f1d9ffb354f/element HTTP/1.1
User-Agent: appium/8.3.0 (selenium/4.8.1 (java windows))
Content-Length: 326
Content-Type: application/json; charset=utf-8
host: 0.0.0.0:4723
accept: */*

Response DefaultHttpResponse(decodeResult: success, version: HTTP/1.1)
HTTP/1.1 200 OK
X-Powered-By: Express
Vary: X-HTTP-Method-Override
Content-Type: application/json; charset=utf-8
Content-Length: 137
ETag: W/"89-OHwG5RWTzAp7rs1HjSJ4aBKDYsk"
Date: Fri, 12 May 2023 13:22:51 GMT
Connection: keep-alive
Keep-Alive: timeout=600

20:22:51.348 [AsyncHttpClient-1-2] DEBUG org.asynchttpclient.netty.channel.ChannelManager - Adding key: http://0.0.0.0:4723 for channel [id: 0x40f87952, L:/192.168.56.1:54510 - R:/0.0.0.0:4723]
20:22:51.355 [Forwarding isElementDisplayed on session 4809d82c-12fe-4ef0-8dbe-5f1d9ffb354f to remote] DEBUG org.asynchttpclient.netty.request.NettyRequestSender - Using pooled Channel '[id: 0x40f87952, L:/192.168.56.1:54510 - R:/0.0.0.0:4723]' for 'GET' to 'http://0.0.0.0:4723/wd/hub/session/4809d82c-12fe-4ef0-8dbe-5f1d9ffb354f/element/00000000-0000-0653-0000-000700000000/displayed'
20:22:51.355 [Forwarding isElementDisplayed on session 4809d82c-12fe-4ef0-8dbe-5f1d9ffb354f to remote] DEBUG org.asynchttpclient.netty.request.NettyRequestSender - Using open Channel [id: 0x40f87952, L:/192.168.56.1:54510 - R:/0.0.0.0:4723] for GET '/wd/hub/session/4809d82c-12fe-4ef0-8dbe-5f1d9ffb354f/element/00000000-0000-0653-0000-000700000000/displayed'
20:22:51.465 [AsyncHttpClient-1-2] DEBUG org.asynchttpclient.netty.handler.HttpHandler - 

Request DefaultFullHttpRequest(decodeResult: success, version: HTTP/1.1, content: EmptyByteBufBE)
GET /wd/hub/session/4809d82c-12fe-4ef0-8dbe-5f1d9ffb354f/element/00000000-0000-0653-0000-000700000000/displayed HTTP/1.1
User-Agent: appium/8.3.0 (selenium/4.8.1 (java windows))
Cache-Control: no-cache
Content-Type: application/json; charset=utf-8
host: 0.0.0.0:4723
accept: */*

Response DefaultHttpResponse(decodeResult: success, version: HTTP/1.1)
HTTP/1.1 200 OK
X-Powered-By: Express
Content-Type: application/json; charset=utf-8
Content-Length: 14
ETag: W/"e-2ZHvAWebNQpyjGZTg6uyV8/spTo"
Date: Fri, 12 May 2023 13:22:51 GMT
Connection: keep-alive
Keep-Alive: timeout=600

20:22:51.466 [AsyncHttpClient-1-2] DEBUG org.asynchttpclient.netty.channel.ChannelManager - Adding key: http://0.0.0.0:4723 for channel [id: 0x40f87952, L:/192.168.56.1:54510 - R:/0.0.0.0:4723]
20:22:51.472 [Forwarding isElementEnabled on session 4809d82c-12fe-4ef0-8dbe-5f1d9ffb354f to remote] DEBUG org.asynchttpclient.netty.request.NettyRequestSender - Using pooled Channel '[id: 0x40f87952, L:/192.168.56.1:54510 - R:/0.0.0.0:4723]' for 'GET' to 'http://0.0.0.0:4723/wd/hub/session/4809d82c-12fe-4ef0-8dbe-5f1d9ffb354f/element/00000000-0000-0653-0000-000700000000/enabled'
20:22:51.472 [Forwarding isElementEnabled on session 4809d82c-12fe-4ef0-8dbe-5f1d9ffb354f to remote] DEBUG org.asynchttpclient.netty.request.NettyRequestSender - Using open Channel [id: 0x40f87952, L:/192.168.56.1:54510 - R:/0.0.0.0:4723] for GET '/wd/hub/session/4809d82c-12fe-4ef0-8dbe-5f1d9ffb354f/element/00000000-0000-0653-0000-000700000000/enabled'
20:22:51.552 [AsyncHttpClient-1-2] DEBUG org.asynchttpclient.netty.handler.HttpHandler - 

Request DefaultFullHttpRequest(decodeResult: success, version: HTTP/1.1, content: EmptyByteBufBE)
GET /wd/hub/session/4809d82c-12fe-4ef0-8dbe-5f1d9ffb354f/element/00000000-0000-0653-0000-000700000000/enabled HTTP/1.1
User-Agent: appium/8.3.0 (selenium/4.8.1 (java windows))
Cache-Control: no-cache
Content-Type: application/json; charset=utf-8
host: 0.0.0.0:4723
accept: */*

Response DefaultHttpResponse(decodeResult: success, version: HTTP/1.1)
HTTP/1.1 200 OK
X-Powered-By: Express
Content-Type: application/json; charset=utf-8
Content-Length: 14
ETag: W/"e-2ZHvAWebNQpyjGZTg6uyV8/spTo"
Date: Fri, 12 May 2023 13:22:51 GMT
Connection: keep-alive
Keep-Alive: timeout=600

20:22:51.553 [AsyncHttpClient-1-2] DEBUG org.asynchttpclient.netty.channel.ChannelManager - Adding key: http://0.0.0.0:4723 for channel [id: 0x40f87952, L:/192.168.56.1:54510 - R:/0.0.0.0:4723]
20:22:51.562 [Forwarding clickElement on session 4809d82c-12fe-4ef0-8dbe-5f1d9ffb354f to remote] DEBUG org.asynchttpclient.netty.request.NettyRequestSender - Using pooled Channel '[id: 0x40f87952, L:/192.168.56.1:54510 - R:/0.0.0.0:4723]' for 'POST' to 'http://0.0.0.0:4723/wd/hub/session/4809d82c-12fe-4ef0-8dbe-5f1d9ffb354f/element/00000000-0000-0653-0000-000700000000/click'
20:22:51.563 [Forwarding clickElement on session 4809d82c-12fe-4ef0-8dbe-5f1d9ffb354f to remote] DEBUG org.asynchttpclient.netty.request.NettyRequestSender - Using open Channel [id: 0x40f87952, L:/192.168.56.1:54510 - R:/0.0.0.0:4723] for POST '/wd/hub/session/4809d82c-12fe-4ef0-8dbe-5f1d9ffb354f/element/00000000-0000-0653-0000-000700000000/click'
20:22:52.337 [AsyncHttpClient-1-2] DEBUG org.asynchttpclient.netty.handler.HttpHandler - 

Request DefaultHttpRequest(decodeResult: success, version: HTTP/1.1)
POST /wd/hub/session/4809d82c-12fe-4ef0-8dbe-5f1d9ffb354f/element/00000000-0000-0653-0000-000700000000/click HTTP/1.1
User-Agent: appium/8.3.0 (selenium/4.8.1 (java windows))
Content-Length: 50
Content-Type: application/json; charset=utf-8
host: 0.0.0.0:4723
accept: */*

Response DefaultHttpResponse(decodeResult: success, version: HTTP/1.1)
HTTP/1.1 200 OK
X-Powered-By: Express
Vary: X-HTTP-Method-Override
Content-Type: application/json; charset=utf-8
Content-Length: 14
ETag: W/"e-9/1BuKMgFObM1mWJm+YjxtXJnUM"
Date: Fri, 12 May 2023 13:22:52 GMT
Connection: keep-alive
Keep-Alive: timeout=600

20:22:52.338 [AsyncHttpClient-1-2] DEBUG org.asynchttpclient.netty.channel.ChannelManager - Adding key: http://0.0.0.0:4723 for channel [id: 0x40f87952, L:/192.168.56.1:54510 - R:/0.0.0.0:4723]
20:22:52.343 [main] DEBUG net.thucydides.core.steps.StepInterceptor - STEP DONE: onDashboardClick
]]></system-out>
  </testcase>
  <testcase name="user on login page for login" classname="As a user i can login with valid credential" time="1.288">
    <system-out><![CDATA[20:22:52.374 [main] DEBUG net.thucydides.core.steps.StepInterceptor - STARTING STEP: UserSteps.userOnLoginPage - onLoginPage
20:22:52.395 [Forwarding findElement on session 4809d82c-12fe-4ef0-8dbe-5f1d9ffb354f to remote] DEBUG org.asynchttpclient.netty.request.NettyRequestSender - Using pooled Channel '[id: 0x40f87952, L:/192.168.56.1:54510 - R:/0.0.0.0:4723]' for 'POST' to 'http://0.0.0.0:4723/wd/hub/session/4809d82c-12fe-4ef0-8dbe-5f1d9ffb354f/element'
20:22:52.396 [Forwarding findElement on session 4809d82c-12fe-4ef0-8dbe-5f1d9ffb354f to remote] DEBUG org.asynchttpclient.netty.request.NettyRequestSender - Using open Channel [id: 0x40f87952, L:/192.168.56.1:54510 - R:/0.0.0.0:4723] for POST '/wd/hub/session/4809d82c-12fe-4ef0-8dbe-5f1d9ffb354f/element'
20:22:53.499 [AsyncHttpClient-1-2] DEBUG org.asynchttpclient.netty.handler.HttpHandler - 

Request DefaultHttpRequest(decodeResult: success, version: HTTP/1.1)
POST /wd/hub/session/4809d82c-12fe-4ef0-8dbe-5f1d9ffb354f/element HTTP/1.1
User-Agent: appium/8.3.0 (selenium/4.8.1 (java windows))
Content-Length: 95
Content-Type: application/json; charset=utf-8
host: 0.0.0.0:4723
accept: */*

Response DefaultHttpResponse(decodeResult: success, version: HTTP/1.1)
HTTP/1.1 200 OK
X-Powered-By: Express
Vary: X-HTTP-Method-Override
Content-Type: application/json; charset=utf-8
Content-Length: 137
ETag: W/"89-+RgXvFi8LYKj7D3swFtIlpgn9do"
Date: Fri, 12 May 2023 13:22:53 GMT
Connection: keep-alive
Keep-Alive: timeout=600

20:22:53.500 [AsyncHttpClient-1-2] DEBUG org.asynchttpclient.netty.channel.ChannelManager - Adding key: http://0.0.0.0:4723 for channel [id: 0x40f87952, L:/192.168.56.1:54510 - R:/0.0.0.0:4723]
20:22:53.504 [Forwarding isElementDisplayed on session 4809d82c-12fe-4ef0-8dbe-5f1d9ffb354f to remote] DEBUG org.asynchttpclient.netty.request.NettyRequestSender - Using pooled Channel '[id: 0x40f87952, L:/192.168.56.1:54510 - R:/0.0.0.0:4723]' for 'GET' to 'http://0.0.0.0:4723/wd/hub/session/4809d82c-12fe-4ef0-8dbe-5f1d9ffb354f/element/00000000-0000-0653-0000-002500000000/displayed'
20:22:53.504 [Forwarding isElementDisplayed on session 4809d82c-12fe-4ef0-8dbe-5f1d9ffb354f to remote] DEBUG org.asynchttpclient.netty.request.NettyRequestSender - Using open Channel [id: 0x40f87952, L:/192.168.56.1:54510 - R:/0.0.0.0:4723] for GET '/wd/hub/session/4809d82c-12fe-4ef0-8dbe-5f1d9ffb354f/element/00000000-0000-0653-0000-002500000000/displayed'
20:22:53.559 [AsyncHttpClient-1-2] DEBUG org.asynchttpclient.netty.handler.HttpHandler - 

Request DefaultFullHttpRequest(decodeResult: success, version: HTTP/1.1, content: EmptyByteBufBE)
GET /wd/hub/session/4809d82c-12fe-4ef0-8dbe-5f1d9ffb354f/element/00000000-0000-0653-0000-002500000000/displayed HTTP/1.1
User-Agent: appium/8.3.0 (selenium/4.8.1 (java windows))
Cache-Control: no-cache
Content-Type: application/json; charset=utf-8
host: 0.0.0.0:4723
accept: */*

Response DefaultHttpResponse(decodeResult: success, version: HTTP/1.1)
HTTP/1.1 200 OK
X-Powered-By: Express
Content-Type: application/json; charset=utf-8
Content-Length: 14
ETag: W/"e-2ZHvAWebNQpyjGZTg6uyV8/spTo"
Date: Fri, 12 May 2023 13:22:53 GMT
Connection: keep-alive
Keep-Alive: timeout=600

20:22:53.560 [AsyncHttpClient-1-2] DEBUG org.asynchttpclient.netty.channel.ChannelManager - Adding key: http://0.0.0.0:4723 for channel [id: 0x40f87952, L:/192.168.56.1:54510 - R:/0.0.0.0:4723]
20:22:53.563 [Forwarding isElementDisplayed on session 4809d82c-12fe-4ef0-8dbe-5f1d9ffb354f to remote] DEBUG org.asynchttpclient.netty.request.NettyRequestSender - Using pooled Channel '[id: 0x40f87952, L:/192.168.56.1:54510 - R:/0.0.0.0:4723]' for 'GET' to 'http://0.0.0.0:4723/wd/hub/session/4809d82c-12fe-4ef0-8dbe-5f1d9ffb354f/element/00000000-0000-0653-0000-002500000000/displayed'
20:22:53.564 [Forwarding isElementDisplayed on session 4809d82c-12fe-4ef0-8dbe-5f1d9ffb354f to remote] DEBUG org.asynchttpclient.netty.request.NettyRequestSender - Using open Channel [id: 0x40f87952, L:/192.168.56.1:54510 - R:/0.0.0.0:4723] for GET '/wd/hub/session/4809d82c-12fe-4ef0-8dbe-5f1d9ffb354f/element/00000000-0000-0653-0000-002500000000/displayed'
20:22:53.649 [AsyncHttpClient-1-2] DEBUG org.asynchttpclient.netty.handler.HttpHandler - 

Request DefaultFullHttpRequest(decodeResult: success, version: HTTP/1.1, content: EmptyByteBufBE)
GET /wd/hub/session/4809d82c-12fe-4ef0-8dbe-5f1d9ffb354f/element/00000000-0000-0653-0000-002500000000/displayed HTTP/1.1
User-Agent: appium/8.3.0 (selenium/4.8.1 (java windows))
Cache-Control: no-cache
Content-Type: application/json; charset=utf-8
host: 0.0.0.0:4723
accept: */*

Response DefaultHttpResponse(decodeResult: success, version: HTTP/1.1)
HTTP/1.1 200 OK
X-Powered-By: Express
Content-Type: application/json; charset=utf-8
Content-Length: 14
ETag: W/"e-2ZHvAWebNQpyjGZTg6uyV8/spTo"
Date: Fri, 12 May 2023 13:22:53 GMT
Connection: keep-alive
Keep-Alive: timeout=600

20:22:53.650 [AsyncHttpClient-1-2] DEBUG org.asynchttpclient.netty.channel.ChannelManager - Adding key: http://0.0.0.0:4723 for channel [id: 0x40f87952, L:/192.168.56.1:54510 - R:/0.0.0.0:4723]
20:22:53.652 [main] DEBUG net.thucydides.core.steps.StepInterceptor - STEP DONE: onLoginPage
]]></system-out>
  </testcase>
  <testcase name="user click email field" classname="As a user i can login with valid credential" time="0.501">
    <system-out><![CDATA[20:22:53.669 [main] DEBUG net.thucydides.core.steps.StepInterceptor - STARTING STEP: UserSteps.userClickEmailField - onClickEmailField
20:22:53.676 [Forwarding findElement on session 4809d82c-12fe-4ef0-8dbe-5f1d9ffb354f to remote] DEBUG org.asynchttpclient.netty.request.NettyRequestSender - Using pooled Channel '[id: 0x40f87952, L:/192.168.56.1:54510 - R:/0.0.0.0:4723]' for 'POST' to 'http://0.0.0.0:4723/wd/hub/session/4809d82c-12fe-4ef0-8dbe-5f1d9ffb354f/element'
20:22:53.677 [Forwarding findElement on session 4809d82c-12fe-4ef0-8dbe-5f1d9ffb354f to remote] DEBUG org.asynchttpclient.netty.request.NettyRequestSender - Using open Channel [id: 0x40f87952, L:/192.168.56.1:54510 - R:/0.0.0.0:4723] for POST '/wd/hub/session/4809d82c-12fe-4ef0-8dbe-5f1d9ffb354f/element'
20:22:53.917 [AsyncHttpClient-1-2] DEBUG org.asynchttpclient.netty.handler.HttpHandler - 

Request DefaultHttpRequest(decodeResult: success, version: HTTP/1.1)
POST /wd/hub/session/4809d82c-12fe-4ef0-8dbe-5f1d9ffb354f/element HTTP/1.1
User-Agent: appium/8.3.0 (selenium/4.8.1 (java windows))
Content-Length: 305
Content-Type: application/json; charset=utf-8
host: 0.0.0.0:4723
accept: */*

Response DefaultHttpResponse(decodeResult: success, version: HTTP/1.1)
HTTP/1.1 200 OK
X-Powered-By: Express
Vary: X-HTTP-Method-Override
Content-Type: application/json; charset=utf-8
Content-Length: 137
ETag: W/"89-PIxmYm2gvlRgXJ/gIeGwzj2TQzo"
Date: Fri, 12 May 2023 13:22:53 GMT
Connection: keep-alive
Keep-Alive: timeout=600

20:22:53.918 [AsyncHttpClient-1-2] DEBUG org.asynchttpclient.netty.channel.ChannelManager - Adding key: http://0.0.0.0:4723 for channel [id: 0x40f87952, L:/192.168.56.1:54510 - R:/0.0.0.0:4723]
20:22:53.921 [Forwarding isElementDisplayed on session 4809d82c-12fe-4ef0-8dbe-5f1d9ffb354f to remote] DEBUG org.asynchttpclient.netty.request.NettyRequestSender - Using pooled Channel '[id: 0x40f87952, L:/192.168.56.1:54510 - R:/0.0.0.0:4723]' for 'GET' to 'http://0.0.0.0:4723/wd/hub/session/4809d82c-12fe-4ef0-8dbe-5f1d9ffb354f/element/00000000-0000-0653-0000-002300000000/displayed'
20:22:53.921 [Forwarding isElementDisplayed on session 4809d82c-12fe-4ef0-8dbe-5f1d9ffb354f to remote] DEBUG org.asynchttpclient.netty.request.NettyRequestSender - Using open Channel [id: 0x40f87952, L:/192.168.56.1:54510 - R:/0.0.0.0:4723] for GET '/wd/hub/session/4809d82c-12fe-4ef0-8dbe-5f1d9ffb354f/element/00000000-0000-0653-0000-002300000000/displayed'
20:22:53.982 [AsyncHttpClient-1-2] DEBUG org.asynchttpclient.netty.handler.HttpHandler - 

Request DefaultFullHttpRequest(decodeResult: success, version: HTTP/1.1, content: EmptyByteBufBE)
GET /wd/hub/session/4809d82c-12fe-4ef0-8dbe-5f1d9ffb354f/element/00000000-0000-0653-0000-002300000000/displayed HTTP/1.1
User-Agent: appium/8.3.0 (selenium/4.8.1 (java windows))
Cache-Control: no-cache
Content-Type: application/json; charset=utf-8
host: 0.0.0.0:4723
accept: */*

Response DefaultHttpResponse(decodeResult: success, version: HTTP/1.1)
HTTP/1.1 200 OK
X-Powered-By: Express
Content-Type: application/json; charset=utf-8
Content-Length: 14
ETag: W/"e-2ZHvAWebNQpyjGZTg6uyV8/spTo"
Date: Fri, 12 May 2023 13:22:53 GMT
Connection: keep-alive
Keep-Alive: timeout=600

20:22:53.983 [AsyncHttpClient-1-2] DEBUG org.asynchttpclient.netty.channel.ChannelManager - Adding key: http://0.0.0.0:4723 for channel [id: 0x40f87952, L:/192.168.56.1:54510 - R:/0.0.0.0:4723]
20:22:53.986 [Forwarding isElementEnabled on session 4809d82c-12fe-4ef0-8dbe-5f1d9ffb354f to remote] DEBUG org.asynchttpclient.netty.request.NettyRequestSender - Using pooled Channel '[id: 0x40f87952, L:/192.168.56.1:54510 - R:/0.0.0.0:4723]' for 'GET' to 'http://0.0.0.0:4723/wd/hub/session/4809d82c-12fe-4ef0-8dbe-5f1d9ffb354f/element/00000000-0000-0653-0000-002300000000/enabled'
20:22:53.986 [Forwarding isElementEnabled on session 4809d82c-12fe-4ef0-8dbe-5f1d9ffb354f to remote] DEBUG org.asynchttpclient.netty.request.NettyRequestSender - Using open Channel [id: 0x40f87952, L:/192.168.56.1:54510 - R:/0.0.0.0:4723] for GET '/wd/hub/session/4809d82c-12fe-4ef0-8dbe-5f1d9ffb354f/element/00000000-0000-0653-0000-002300000000/enabled'
20:22:54.051 [AsyncHttpClient-1-2] DEBUG org.asynchttpclient.netty.handler.HttpHandler - 

Request DefaultFullHttpRequest(decodeResult: success, version: HTTP/1.1, content: EmptyByteBufBE)
GET /wd/hub/session/4809d82c-12fe-4ef0-8dbe-5f1d9ffb354f/element/00000000-0000-0653-0000-002300000000/enabled HTTP/1.1
User-Agent: appium/8.3.0 (selenium/4.8.1 (java windows))
Cache-Control: no-cache
Content-Type: application/json; charset=utf-8
host: 0.0.0.0:4723
accept: */*

Response DefaultHttpResponse(decodeResult: success, version: HTTP/1.1)
HTTP/1.1 200 OK
X-Powered-By: Express
Content-Type: application/json; charset=utf-8
Content-Length: 14
ETag: W/"e-2ZHvAWebNQpyjGZTg6uyV8/spTo"
Date: Fri, 12 May 2023 13:22:54 GMT
Connection: keep-alive
Keep-Alive: timeout=600

20:22:54.052 [AsyncHttpClient-1-2] DEBUG org.asynchttpclient.netty.channel.ChannelManager - Adding key: http://0.0.0.0:4723 for channel [id: 0x40f87952, L:/192.168.56.1:54510 - R:/0.0.0.0:4723]
20:22:54.060 [Forwarding clickElement on session 4809d82c-12fe-4ef0-8dbe-5f1d9ffb354f to remote] DEBUG org.asynchttpclient.netty.request.NettyRequestSender - Using pooled Channel '[id: 0x40f87952, L:/192.168.56.1:54510 - R:/0.0.0.0:4723]' for 'POST' to 'http://0.0.0.0:4723/wd/hub/session/4809d82c-12fe-4ef0-8dbe-5f1d9ffb354f/element/00000000-0000-0653-0000-002300000000/click'
20:22:54.060 [Forwarding clickElement on session 4809d82c-12fe-4ef0-8dbe-5f1d9ffb354f to remote] DEBUG org.asynchttpclient.netty.request.NettyRequestSender - Using open Channel [id: 0x40f87952, L:/192.168.56.1:54510 - R:/0.0.0.0:4723] for POST '/wd/hub/session/4809d82c-12fe-4ef0-8dbe-5f1d9ffb354f/element/00000000-0000-0653-0000-002300000000/click'
20:22:54.154 [AsyncHttpClient-1-2] DEBUG org.asynchttpclient.netty.handler.HttpHandler - 

Request DefaultHttpRequest(decodeResult: success, version: HTTP/1.1)
POST /wd/hub/session/4809d82c-12fe-4ef0-8dbe-5f1d9ffb354f/element/00000000-0000-0653-0000-002300000000/click HTTP/1.1
User-Agent: appium/8.3.0 (selenium/4.8.1 (java windows))
Content-Length: 50
Content-Type: application/json; charset=utf-8
host: 0.0.0.0:4723
accept: */*

Response DefaultHttpResponse(decodeResult: success, version: HTTP/1.1)
HTTP/1.1 200 OK
X-Powered-By: Express
Vary: X-HTTP-Method-Override
Content-Type: application/json; charset=utf-8
Content-Length: 14
ETag: W/"e-9/1BuKMgFObM1mWJm+YjxtXJnUM"
Date: Fri, 12 May 2023 13:22:54 GMT
Connection: keep-alive
Keep-Alive: timeout=600

20:22:54.155 [AsyncHttpClient-1-2] DEBUG org.asynchttpclient.netty.channel.ChannelManager - Adding key: http://0.0.0.0:4723 for channel [id: 0x40f87952, L:/192.168.56.1:54510 - R:/0.0.0.0:4723]
20:22:54.158 [main] DEBUG net.thucydides.core.steps.StepInterceptor - STEP DONE: onClickEmailField
]]></system-out>
  </testcase>
  <testcase name="user input valid email" classname="As a user i can login with valid credential" time="0.981">
    <system-out><![CDATA[20:22:54.179 [main] DEBUG net.thucydides.core.steps.StepInterceptor - STARTING STEP: UserSteps.userInputEmailForLogin - inputEmail
20:22:54.185 [Forwarding findElement on session 4809d82c-12fe-4ef0-8dbe-5f1d9ffb354f to remote] DEBUG org.asynchttpclient.netty.request.NettyRequestSender - Using pooled Channel '[id: 0x40f87952, L:/192.168.56.1:54510 - R:/0.0.0.0:4723]' for 'POST' to 'http://0.0.0.0:4723/wd/hub/session/4809d82c-12fe-4ef0-8dbe-5f1d9ffb354f/element'
20:22:54.186 [Forwarding findElement on session 4809d82c-12fe-4ef0-8dbe-5f1d9ffb354f to remote] DEBUG org.asynchttpclient.netty.request.NettyRequestSender - Using open Channel [id: 0x40f87952, L:/192.168.56.1:54510 - R:/0.0.0.0:4723] for POST '/wd/hub/session/4809d82c-12fe-4ef0-8dbe-5f1d9ffb354f/element'
20:22:54.627 [AsyncHttpClient-1-2] DEBUG org.asynchttpclient.netty.handler.HttpHandler - 

Request DefaultHttpRequest(decodeResult: success, version: HTTP/1.1)
POST /wd/hub/session/4809d82c-12fe-4ef0-8dbe-5f1d9ffb354f/element HTTP/1.1
User-Agent: appium/8.3.0 (selenium/4.8.1 (java windows))
Content-Length: 305
Content-Type: application/json; charset=utf-8
host: 0.0.0.0:4723
accept: */*

Response DefaultHttpResponse(decodeResult: success, version: HTTP/1.1)
HTTP/1.1 200 OK
X-Powered-By: Express
Vary: X-HTTP-Method-Override
Content-Type: application/json; charset=utf-8
Content-Length: 137
ETag: W/"89-PIxmYm2gvlRgXJ/gIeGwzj2TQzo"
Date: Fri, 12 May 2023 13:22:54 GMT
Connection: keep-alive
Keep-Alive: timeout=600

20:22:54.629 [AsyncHttpClient-1-2] DEBUG org.asynchttpclient.netty.channel.ChannelManager - Adding key: http://0.0.0.0:4723 for channel [id: 0x40f87952, L:/192.168.56.1:54510 - R:/0.0.0.0:4723]
20:22:54.654 [Forwarding sendKeysToElement on session 4809d82c-12fe-4ef0-8dbe-5f1d9ffb354f to remote] DEBUG org.asynchttpclient.netty.request.NettyRequestSender - Using pooled Channel '[id: 0x40f87952, L:/192.168.56.1:54510 - R:/0.0.0.0:4723]' for 'POST' to 'http://0.0.0.0:4723/wd/hub/session/4809d82c-12fe-4ef0-8dbe-5f1d9ffb354f/element/00000000-0000-0653-0000-002300000000/value'
20:22:54.655 [Forwarding sendKeysToElement on session 4809d82c-12fe-4ef0-8dbe-5f1d9ffb354f to remote] DEBUG org.asynchttpclient.netty.request.NettyRequestSender - Using open Channel [id: 0x40f87952, L:/192.168.56.1:54510 - R:/0.0.0.0:4723] for POST '/wd/hub/session/4809d82c-12fe-4ef0-8dbe-5f1d9ffb354f/element/00000000-0000-0653-0000-002300000000/value'
20:22:55.137 [AsyncHttpClient-1-2] DEBUG org.asynchttpclient.netty.handler.HttpHandler - 

Request DefaultHttpRequest(decodeResult: success, version: HTTP/1.1)
POST /wd/hub/session/4809d82c-12fe-4ef0-8dbe-5f1d9ffb354f/element/00000000-0000-0653-0000-002300000000/value HTTP/1.1
User-Agent: appium/8.3.0 (selenium/4.8.1 (java windows))
Content-Length: 251
Content-Type: application/json; charset=utf-8
host: 0.0.0.0:4723
accept: */*

Response DefaultHttpResponse(decodeResult: success, version: HTTP/1.1)
HTTP/1.1 200 OK
X-Powered-By: Express
Vary: X-HTTP-Method-Override
Content-Type: application/json; charset=utf-8
Content-Length: 14
ETag: W/"e-9/1BuKMgFObM1mWJm+YjxtXJnUM"
Date: Fri, 12 May 2023 13:22:55 GMT
Connection: keep-alive
Keep-Alive: timeout=600

20:22:55.138 [AsyncHttpClient-1-2] DEBUG org.asynchttpclient.netty.channel.ChannelManager - Adding key: http://0.0.0.0:4723 for channel [id: 0x40f87952, L:/192.168.56.1:54510 - R:/0.0.0.0:4723]
20:22:55.143 [main] DEBUG net.thucydides.core.steps.StepInterceptor - STEP DONE: inputEmail
]]></system-out>
  </testcase>
  <testcase name="user click password field" classname="As a user i can login with valid credential" time="1.934">
    <system-out><![CDATA[20:22:55.155 [main] DEBUG net.thucydides.core.steps.StepInterceptor - STARTING STEP: UserSteps.userClickPasswordField - onClickPasswordField
20:22:55.165 [Forwarding findElement on session 4809d82c-12fe-4ef0-8dbe-5f1d9ffb354f to remote] DEBUG org.asynchttpclient.netty.request.NettyRequestSender - Using pooled Channel '[id: 0x40f87952, L:/192.168.56.1:54510 - R:/0.0.0.0:4723]' for 'POST' to 'http://0.0.0.0:4723/wd/hub/session/4809d82c-12fe-4ef0-8dbe-5f1d9ffb354f/element'
20:22:55.166 [Forwarding findElement on session 4809d82c-12fe-4ef0-8dbe-5f1d9ffb354f to remote] DEBUG org.asynchttpclient.netty.request.NettyRequestSender - Using open Channel [id: 0x40f87952, L:/192.168.56.1:54510 - R:/0.0.0.0:4723] for POST '/wd/hub/session/4809d82c-12fe-4ef0-8dbe-5f1d9ffb354f/element'
20:22:56.667 [AsyncHttpClient-1-2] DEBUG org.asynchttpclient.netty.handler.HttpHandler - 

Request DefaultHttpRequest(decodeResult: success, version: HTTP/1.1)
POST /wd/hub/session/4809d82c-12fe-4ef0-8dbe-5f1d9ffb354f/element HTTP/1.1
User-Agent: appium/8.3.0 (selenium/4.8.1 (java windows))
Content-Length: 305
Content-Type: application/json; charset=utf-8
host: 0.0.0.0:4723
accept: */*

Response DefaultHttpResponse(decodeResult: success, version: HTTP/1.1)
HTTP/1.1 200 OK
X-Powered-By: Express
Vary: X-HTTP-Method-Override
Content-Type: application/json; charset=utf-8
Content-Length: 137
ETag: W/"89-Zi+DUESwVQY4wDZ8sjUjrnlKL9U"
Date: Fri, 12 May 2023 13:22:56 GMT
Connection: keep-alive
Keep-Alive: timeout=600

20:22:56.670 [AsyncHttpClient-1-2] DEBUG org.asynchttpclient.netty.channel.ChannelManager - Adding key: http://0.0.0.0:4723 for channel [id: 0x40f87952, L:/192.168.56.1:54510 - R:/0.0.0.0:4723]
20:22:56.675 [Forwarding isElementDisplayed on session 4809d82c-12fe-4ef0-8dbe-5f1d9ffb354f to remote] DEBUG org.asynchttpclient.netty.request.NettyRequestSender - Using pooled Channel '[id: 0x40f87952, L:/192.168.56.1:54510 - R:/0.0.0.0:4723]' for 'GET' to 'http://0.0.0.0:4723/wd/hub/session/4809d82c-12fe-4ef0-8dbe-5f1d9ffb354f/element/00000000-0000-0653-0000-002400000000/displayed'
20:22:56.676 [Forwarding isElementDisplayed on session 4809d82c-12fe-4ef0-8dbe-5f1d9ffb354f to remote] DEBUG org.asynchttpclient.netty.request.NettyRequestSender - Using open Channel [id: 0x40f87952, L:/192.168.56.1:54510 - R:/0.0.0.0:4723] for GET '/wd/hub/session/4809d82c-12fe-4ef0-8dbe-5f1d9ffb354f/element/00000000-0000-0653-0000-002400000000/displayed'
20:22:56.903 [AsyncHttpClient-1-2] DEBUG org.asynchttpclient.netty.handler.HttpHandler - 

Request DefaultFullHttpRequest(decodeResult: success, version: HTTP/1.1, content: EmptyByteBufBE)
GET /wd/hub/session/4809d82c-12fe-4ef0-8dbe-5f1d9ffb354f/element/00000000-0000-0653-0000-002400000000/displayed HTTP/1.1
User-Agent: appium/8.3.0 (selenium/4.8.1 (java windows))
Cache-Control: no-cache
Content-Type: application/json; charset=utf-8
host: 0.0.0.0:4723
accept: */*

Response DefaultHttpResponse(decodeResult: success, version: HTTP/1.1)
HTTP/1.1 200 OK
X-Powered-By: Express
Content-Type: application/json; charset=utf-8
Content-Length: 14
ETag: W/"e-2ZHvAWebNQpyjGZTg6uyV8/spTo"
Date: Fri, 12 May 2023 13:22:56 GMT
Connection: keep-alive
Keep-Alive: timeout=600

20:22:56.905 [AsyncHttpClient-1-2] DEBUG org.asynchttpclient.netty.channel.ChannelManager - Adding key: http://0.0.0.0:4723 for channel [id: 0x40f87952, L:/192.168.56.1:54510 - R:/0.0.0.0:4723]
20:22:56.910 [Forwarding isElementEnabled on session 4809d82c-12fe-4ef0-8dbe-5f1d9ffb354f to remote] DEBUG org.asynchttpclient.netty.request.NettyRequestSender - Using pooled Channel '[id: 0x40f87952, L:/192.168.56.1:54510 - R:/0.0.0.0:4723]' for 'GET' to 'http://0.0.0.0:4723/wd/hub/session/4809d82c-12fe-4ef0-8dbe-5f1d9ffb354f/element/00000000-0000-0653-0000-002400000000/enabled'
20:22:56.910 [Forwarding isElementEnabled on session 4809d82c-12fe-4ef0-8dbe-5f1d9ffb354f to remote] DEBUG org.asynchttpclient.netty.request.NettyRequestSender - Using open Channel [id: 0x40f87952, L:/192.168.56.1:54510 - R:/0.0.0.0:4723] for GET '/wd/hub/session/4809d82c-12fe-4ef0-8dbe-5f1d9ffb354f/element/00000000-0000-0653-0000-002400000000/enabled'
20:22:56.978 [AsyncHttpClient-1-2] DEBUG org.asynchttpclient.netty.handler.HttpHandler - 

Request DefaultFullHttpRequest(decodeResult: success, version: HTTP/1.1, content: EmptyByteBufBE)
GET /wd/hub/session/4809d82c-12fe-4ef0-8dbe-5f1d9ffb354f/element/00000000-0000-0653-0000-002400000000/enabled HTTP/1.1
User-Agent: appium/8.3.0 (selenium/4.8.1 (java windows))
Cache-Control: no-cache
Content-Type: application/json; charset=utf-8
host: 0.0.0.0:4723
accept: */*

Response DefaultHttpResponse(decodeResult: success, version: HTTP/1.1)
HTTP/1.1 200 OK
X-Powered-By: Express
Content-Type: application/json; charset=utf-8
Content-Length: 14
ETag: W/"e-2ZHvAWebNQpyjGZTg6uyV8/spTo"
Date: Fri, 12 May 2023 13:22:56 GMT
Connection: keep-alive
Keep-Alive: timeout=600

20:22:56.982 [AsyncHttpClient-1-2] DEBUG org.asynchttpclient.netty.channel.ChannelManager - Adding key: http://0.0.0.0:4723 for channel [id: 0x40f87952, L:/192.168.56.1:54510 - R:/0.0.0.0:4723]
20:22:56.992 [Forwarding clickElement on session 4809d82c-12fe-4ef0-8dbe-5f1d9ffb354f to remote] DEBUG org.asynchttpclient.netty.request.NettyRequestSender - Using pooled Channel '[id: 0x40f87952, L:/192.168.56.1:54510 - R:/0.0.0.0:4723]' for 'POST' to 'http://0.0.0.0:4723/wd/hub/session/4809d82c-12fe-4ef0-8dbe-5f1d9ffb354f/element/00000000-0000-0653-0000-002400000000/click'
20:22:56.992 [Forwarding clickElement on session 4809d82c-12fe-4ef0-8dbe-5f1d9ffb354f to remote] DEBUG org.asynchttpclient.netty.request.NettyRequestSender - Using open Channel [id: 0x40f87952, L:/192.168.56.1:54510 - R:/0.0.0.0:4723] for POST '/wd/hub/session/4809d82c-12fe-4ef0-8dbe-5f1d9ffb354f/element/00000000-0000-0653-0000-002400000000/click'
20:22:57.079 [AsyncHttpClient-1-2] DEBUG org.asynchttpclient.netty.handler.HttpHandler - 

Request DefaultHttpRequest(decodeResult: success, version: HTTP/1.1)
POST /wd/hub/session/4809d82c-12fe-4ef0-8dbe-5f1d9ffb354f/element/00000000-0000-0653-0000-002400000000/click HTTP/1.1
User-Agent: appium/8.3.0 (selenium/4.8.1 (java windows))
Content-Length: 50
Content-Type: application/json; charset=utf-8
host: 0.0.0.0:4723
accept: */*

Response DefaultHttpResponse(decodeResult: success, version: HTTP/1.1)
HTTP/1.1 200 OK
X-Powered-By: Express
Vary: X-HTTP-Method-Override
Content-Type: application/json; charset=utf-8
Content-Length: 14
ETag: W/"e-9/1BuKMgFObM1mWJm+YjxtXJnUM"
Date: Fri, 12 May 2023 13:22:57 GMT
Connection: keep-alive
Keep-Alive: timeout=600

20:22:57.080 [AsyncHttpClient-1-2] DEBUG org.asynchttpclient.netty.channel.ChannelManager - Adding key: http://0.0.0.0:4723 for channel [id: 0x40f87952, L:/192.168.56.1:54510 - R:/0.0.0.0:4723]
20:22:57.083 [main] DEBUG net.thucydides.core.steps.StepInterceptor - STEP DONE: onClickPasswordField
]]></system-out>
  </testcase>
  <testcase name="user input password" classname="As a user i can login with valid credential" time="1.238">
    <system-out><![CDATA[20:22:57.125 [main] DEBUG net.thucydides.core.steps.StepInterceptor - STARTING STEP: UserSteps.userInputPasswordForLogin - inputPassword
20:22:57.132 [Forwarding findElement on session 4809d82c-12fe-4ef0-8dbe-5f1d9ffb354f to remote] DEBUG org.asynchttpclient.netty.request.NettyRequestSender - Using pooled Channel '[id: 0x40f87952, L:/192.168.56.1:54510 - R:/0.0.0.0:4723]' for 'POST' to 'http://0.0.0.0:4723/wd/hub/session/4809d82c-12fe-4ef0-8dbe-5f1d9ffb354f/element'
20:22:57.132 [Forwarding findElement on session 4809d82c-12fe-4ef0-8dbe-5f1d9ffb354f to remote] DEBUG org.asynchttpclient.netty.request.NettyRequestSender - Using open Channel [id: 0x40f87952, L:/192.168.56.1:54510 - R:/0.0.0.0:4723] for POST '/wd/hub/session/4809d82c-12fe-4ef0-8dbe-5f1d9ffb354f/element'
20:22:57.433 [AsyncHttpClient-1-2] DEBUG org.asynchttpclient.netty.handler.HttpHandler - 

Request DefaultHttpRequest(decodeResult: success, version: HTTP/1.1)
POST /wd/hub/session/4809d82c-12fe-4ef0-8dbe-5f1d9ffb354f/element HTTP/1.1
User-Agent: appium/8.3.0 (selenium/4.8.1 (java windows))
Content-Length: 305
Content-Type: application/json; charset=utf-8
host: 0.0.0.0:4723
accept: */*

Response DefaultHttpResponse(decodeResult: success, version: HTTP/1.1)
HTTP/1.1 200 OK
X-Powered-By: Express
Vary: X-HTTP-Method-Override
Content-Type: application/json; charset=utf-8
Content-Length: 137
ETag: W/"89-Zi+DUESwVQY4wDZ8sjUjrnlKL9U"
Date: Fri, 12 May 2023 13:22:57 GMT
Connection: keep-alive
Keep-Alive: timeout=600

20:22:57.434 [AsyncHttpClient-1-2] DEBUG org.asynchttpclient.netty.channel.ChannelManager - Adding key: http://0.0.0.0:4723 for channel [id: 0x40f87952, L:/192.168.56.1:54510 - R:/0.0.0.0:4723]
20:22:57.468 [Forwarding sendKeysToElement on session 4809d82c-12fe-4ef0-8dbe-5f1d9ffb354f to remote] DEBUG org.asynchttpclient.netty.request.NettyRequestSender - Using pooled Channel '[id: 0x40f87952, L:/192.168.56.1:54510 - R:/0.0.0.0:4723]' for 'POST' to 'http://0.0.0.0:4723/wd/hub/session/4809d82c-12fe-4ef0-8dbe-5f1d9ffb354f/element/00000000-0000-0653-0000-002400000000/value'
20:22:57.468 [Forwarding sendKeysToElement on session 4809d82c-12fe-4ef0-8dbe-5f1d9ffb354f to remote] DEBUG org.asynchttpclient.netty.request.NettyRequestSender - Using open Channel [id: 0x40f87952, L:/192.168.56.1:54510 - R:/0.0.0.0:4723] for POST '/wd/hub/session/4809d82c-12fe-4ef0-8dbe-5f1d9ffb354f/element/00000000-0000-0653-0000-002400000000/value'
20:22:58.331 [AsyncHttpClient-1-2] DEBUG org.asynchttpclient.netty.handler.HttpHandler - 

Request DefaultHttpRequest(decodeResult: success, version: HTTP/1.1)
POST /wd/hub/session/4809d82c-12fe-4ef0-8dbe-5f1d9ffb354f/element/00000000-0000-0653-0000-002400000000/value HTTP/1.1
User-Agent: appium/8.3.0 (selenium/4.8.1 (java windows))
Content-Length: 141
Content-Type: application/json; charset=utf-8
host: 0.0.0.0:4723
accept: */*

Response DefaultHttpResponse(decodeResult: success, version: HTTP/1.1)
HTTP/1.1 200 OK
X-Powered-By: Express
Vary: X-HTTP-Method-Override
Content-Type: application/json; charset=utf-8
Content-Length: 14
ETag: W/"e-9/1BuKMgFObM1mWJm+YjxtXJnUM"
Date: Fri, 12 May 2023 13:22:58 GMT
Connection: keep-alive
Keep-Alive: timeout=600

20:22:58.331 [AsyncHttpClient-1-2] DEBUG org.asynchttpclient.netty.channel.ChannelManager - Adding key: http://0.0.0.0:4723 for channel [id: 0x40f87952, L:/192.168.56.1:54510 - R:/0.0.0.0:4723]
20:22:58.334 [main] DEBUG net.thucydides.core.steps.StepInterceptor - STEP DONE: inputPassword
]]></system-out>
  </testcase>
  <testcase name="user click login button" classname="As a user i can login with valid credential" time="1.077">
    <system-out><![CDATA[20:22:58.361 [main] DEBUG net.thucydides.core.steps.StepInterceptor - STARTING STEP: UserSteps.userClickBtnLogin - tapLoginButton
20:22:58.367 [Forwarding findElement on session 4809d82c-12fe-4ef0-8dbe-5f1d9ffb354f to remote] DEBUG org.asynchttpclient.netty.request.NettyRequestSender - Using pooled Channel '[id: 0x40f87952, L:/192.168.56.1:54510 - R:/0.0.0.0:4723]' for 'POST' to 'http://0.0.0.0:4723/wd/hub/session/4809d82c-12fe-4ef0-8dbe-5f1d9ffb354f/element'
20:22:58.369 [Forwarding findElement on session 4809d82c-12fe-4ef0-8dbe-5f1d9ffb354f to remote] DEBUG org.asynchttpclient.netty.request.NettyRequestSender - Using open Channel [id: 0x40f87952, L:/192.168.56.1:54510 - R:/0.0.0.0:4723] for POST '/wd/hub/session/4809d82c-12fe-4ef0-8dbe-5f1d9ffb354f/element'
20:22:58.617 [AsyncHttpClient-1-2] DEBUG org.asynchttpclient.netty.handler.HttpHandler - 

Request DefaultHttpRequest(decodeResult: success, version: HTTP/1.1)
POST /wd/hub/session/4809d82c-12fe-4ef0-8dbe-5f1d9ffb354f/element HTTP/1.1
User-Agent: appium/8.3.0 (selenium/4.8.1 (java windows))
Content-Length: 95
Content-Type: application/json; charset=utf-8
host: 0.0.0.0:4723
accept: */*

Response DefaultHttpResponse(decodeResult: success, version: HTTP/1.1)
HTTP/1.1 200 OK
X-Powered-By: Express
Vary: X-HTTP-Method-Override
Content-Type: application/json; charset=utf-8
Content-Length: 137
ETag: W/"89-+RgXvFi8LYKj7D3swFtIlpgn9do"
Date: Fri, 12 May 2023 13:22:58 GMT
Connection: keep-alive
Keep-Alive: timeout=600

20:22:58.617 [AsyncHttpClient-1-2] DEBUG org.asynchttpclient.netty.channel.ChannelManager - Adding key: http://0.0.0.0:4723 for channel [id: 0x40f87952, L:/192.168.56.1:54510 - R:/0.0.0.0:4723]
20:22:58.626 [Forwarding isElementDisplayed on session 4809d82c-12fe-4ef0-8dbe-5f1d9ffb354f to remote] DEBUG org.asynchttpclient.netty.request.NettyRequestSender - Using pooled Channel '[id: 0x40f87952, L:/192.168.56.1:54510 - R:/0.0.0.0:4723]' for 'GET' to 'http://0.0.0.0:4723/wd/hub/session/4809d82c-12fe-4ef0-8dbe-5f1d9ffb354f/element/00000000-0000-0653-0000-002500000000/displayed'
20:22:58.626 [Forwarding isElementDisplayed on session 4809d82c-12fe-4ef0-8dbe-5f1d9ffb354f to remote] DEBUG org.asynchttpclient.netty.request.NettyRequestSender - Using open Channel [id: 0x40f87952, L:/192.168.56.1:54510 - R:/0.0.0.0:4723] for GET '/wd/hub/session/4809d82c-12fe-4ef0-8dbe-5f1d9ffb354f/element/00000000-0000-0653-0000-002500000000/displayed'
20:22:58.713 [AsyncHttpClient-1-2] DEBUG org.asynchttpclient.netty.handler.HttpHandler - 

Request DefaultFullHttpRequest(decodeResult: success, version: HTTP/1.1, content: EmptyByteBufBE)
GET /wd/hub/session/4809d82c-12fe-4ef0-8dbe-5f1d9ffb354f/element/00000000-0000-0653-0000-002500000000/displayed HTTP/1.1
User-Agent: appium/8.3.0 (selenium/4.8.1 (java windows))
Cache-Control: no-cache
Content-Type: application/json; charset=utf-8
host: 0.0.0.0:4723
accept: */*

Response DefaultHttpResponse(decodeResult: success, version: HTTP/1.1)
HTTP/1.1 200 OK
X-Powered-By: Express
Content-Type: application/json; charset=utf-8
Content-Length: 14
ETag: W/"e-2ZHvAWebNQpyjGZTg6uyV8/spTo"
Date: Fri, 12 May 2023 13:22:58 GMT
Connection: keep-alive
Keep-Alive: timeout=600

20:22:58.715 [AsyncHttpClient-1-2] DEBUG org.asynchttpclient.netty.channel.ChannelManager - Adding key: http://0.0.0.0:4723 for channel [id: 0x40f87952, L:/192.168.56.1:54510 - R:/0.0.0.0:4723]
20:22:58.745 [Forwarding isElementEnabled on session 4809d82c-12fe-4ef0-8dbe-5f1d9ffb354f to remote] DEBUG org.asynchttpclient.netty.request.NettyRequestSender - Using pooled Channel '[id: 0x40f87952, L:/192.168.56.1:54510 - R:/0.0.0.0:4723]' for 'GET' to 'http://0.0.0.0:4723/wd/hub/session/4809d82c-12fe-4ef0-8dbe-5f1d9ffb354f/element/00000000-0000-0653-0000-002500000000/enabled'
20:22:58.745 [Forwarding isElementEnabled on session 4809d82c-12fe-4ef0-8dbe-5f1d9ffb354f to remote] DEBUG org.asynchttpclient.netty.request.NettyRequestSender - Using open Channel [id: 0x40f87952, L:/192.168.56.1:54510 - R:/0.0.0.0:4723] for GET '/wd/hub/session/4809d82c-12fe-4ef0-8dbe-5f1d9ffb354f/element/00000000-0000-0653-0000-002500000000/enabled'
20:22:59.288 [AsyncHttpClient-1-2] DEBUG org.asynchttpclient.netty.handler.HttpHandler - 

Request DefaultFullHttpRequest(decodeResult: success, version: HTTP/1.1, content: EmptyByteBufBE)
GET /wd/hub/session/4809d82c-12fe-4ef0-8dbe-5f1d9ffb354f/element/00000000-0000-0653-0000-002500000000/enabled HTTP/1.1
User-Agent: appium/8.3.0 (selenium/4.8.1 (java windows))
Cache-Control: no-cache
Content-Type: application/json; charset=utf-8
host: 0.0.0.0:4723
accept: */*

Response DefaultHttpResponse(decodeResult: success, version: HTTP/1.1)
HTTP/1.1 200 OK
X-Powered-By: Express
Content-Type: application/json; charset=utf-8
Content-Length: 14
ETag: W/"e-2ZHvAWebNQpyjGZTg6uyV8/spTo"
Date: Fri, 12 May 2023 13:22:59 GMT
Connection: keep-alive
Keep-Alive: timeout=600

20:22:59.291 [AsyncHttpClient-1-2] DEBUG org.asynchttpclient.netty.channel.ChannelManager - Adding key: http://0.0.0.0:4723 for channel [id: 0x40f87952, L:/192.168.56.1:54510 - R:/0.0.0.0:4723]
20:22:59.296 [Forwarding clickElement on session 4809d82c-12fe-4ef0-8dbe-5f1d9ffb354f to remote] DEBUG org.asynchttpclient.netty.request.NettyRequestSender - Using pooled Channel '[id: 0x40f87952, L:/192.168.56.1:54510 - R:/0.0.0.0:4723]' for 'POST' to 'http://0.0.0.0:4723/wd/hub/session/4809d82c-12fe-4ef0-8dbe-5f1d9ffb354f/element/00000000-0000-0653-0000-002500000000/click'
20:22:59.297 [Forwarding clickElement on session 4809d82c-12fe-4ef0-8dbe-5f1d9ffb354f to remote] DEBUG org.asynchttpclient.netty.request.NettyRequestSender - Using open Channel [id: 0x40f87952, L:/192.168.56.1:54510 - R:/0.0.0.0:4723] for POST '/wd/hub/session/4809d82c-12fe-4ef0-8dbe-5f1d9ffb354f/element/00000000-0000-0653-0000-002500000000/click'
20:22:59.418 [AsyncHttpClient-1-2] DEBUG org.asynchttpclient.netty.handler.HttpHandler - 

Request DefaultHttpRequest(decodeResult: success, version: HTTP/1.1)
POST /wd/hub/session/4809d82c-12fe-4ef0-8dbe-5f1d9ffb354f/element/00000000-0000-0653-0000-002500000000/click HTTP/1.1
User-Agent: appium/8.3.0 (selenium/4.8.1 (java windows))
Content-Length: 50
Content-Type: application/json; charset=utf-8
host: 0.0.0.0:4723
accept: */*

Response DefaultHttpResponse(decodeResult: success, version: HTTP/1.1)
HTTP/1.1 200 OK
X-Powered-By: Express
Vary: X-HTTP-Method-Override
Content-Type: application/json; charset=utf-8
Content-Length: 14
ETag: W/"e-9/1BuKMgFObM1mWJm+YjxtXJnUM"
Date: Fri, 12 May 2023 13:22:59 GMT
Connection: keep-alive
Keep-Alive: timeout=600

20:22:59.418 [AsyncHttpClient-1-2] DEBUG org.asynchttpclient.netty.channel.ChannelManager - Adding key: http://0.0.0.0:4723 for channel [id: 0x40f87952, L:/192.168.56.1:54510 - R:/0.0.0.0:4723]
20:22:59.422 [main] DEBUG net.thucydides.core.steps.StepInterceptor - STEP DONE: tapLoginButton
]]></system-out>
  </testcase>
  <testcase name="user can see hompegae and list products" classname="As a user i can login with valid credential" time="0.757">
    <system-out><![CDATA[20:22:59.447 [main] DEBUG net.thucydides.core.steps.StepInterceptor - STARTING STEP: UserSteps.userSuccessLogin - onHomepage
20:22:59.452 [Forwarding findElement on session 4809d82c-12fe-4ef0-8dbe-5f1d9ffb354f to remote] DEBUG org.asynchttpclient.netty.request.NettyRequestSender - Using pooled Channel '[id: 0x40f87952, L:/192.168.56.1:54510 - R:/0.0.0.0:4723]' for 'POST' to 'http://0.0.0.0:4723/wd/hub/session/4809d82c-12fe-4ef0-8dbe-5f1d9ffb354f/element'
20:22:59.453 [Forwarding findElement on session 4809d82c-12fe-4ef0-8dbe-5f1d9ffb354f to remote] DEBUG org.asynchttpclient.netty.request.NettyRequestSender - Using open Channel [id: 0x40f87952, L:/192.168.56.1:54510 - R:/0.0.0.0:4723] for POST '/wd/hub/session/4809d82c-12fe-4ef0-8dbe-5f1d9ffb354f/element'
20:22:59.734 [AsyncHttpClient-1-2] DEBUG org.asynchttpclient.netty.handler.HttpHandler - 

Request DefaultHttpRequest(decodeResult: success, version: HTTP/1.1)
POST /wd/hub/session/4809d82c-12fe-4ef0-8dbe-5f1d9ffb354f/element HTTP/1.1
User-Agent: appium/8.3.0 (selenium/4.8.1 (java windows))
Content-Length: 299
Content-Type: application/json; charset=utf-8
host: 0.0.0.0:4723
accept: */*

Response DefaultHttpResponse(decodeResult: success, version: HTTP/1.1)
HTTP/1.1 200 OK
X-Powered-By: Express
Vary: X-HTTP-Method-Override
Content-Type: application/json; charset=utf-8
Content-Length: 137
ETag: W/"89-CdRSE6wwtxjuSwZBHgYSmBWRwuI"
Date: Fri, 12 May 2023 13:22:59 GMT
Connection: keep-alive
Keep-Alive: timeout=600

20:22:59.734 [AsyncHttpClient-1-2] DEBUG org.asynchttpclient.netty.channel.ChannelManager - Adding key: http://0.0.0.0:4723 for channel [id: 0x40f87952, L:/192.168.56.1:54510 - R:/0.0.0.0:4723]
20:22:59.743 [Forwarding isElementDisplayed on session 4809d82c-12fe-4ef0-8dbe-5f1d9ffb354f to remote] DEBUG org.asynchttpclient.netty.request.NettyRequestSender - Using pooled Channel '[id: 0x40f87952, L:/192.168.56.1:54510 - R:/0.0.0.0:4723]' for 'GET' to 'http://0.0.0.0:4723/wd/hub/session/4809d82c-12fe-4ef0-8dbe-5f1d9ffb354f/element/00000000-0000-0653-0000-002800000000/displayed'
20:22:59.744 [Forwarding isElementDisplayed on session 4809d82c-12fe-4ef0-8dbe-5f1d9ffb354f to remote] DEBUG org.asynchttpclient.netty.request.NettyRequestSender - Using open Channel [id: 0x40f87952, L:/192.168.56.1:54510 - R:/0.0.0.0:4723] for GET '/wd/hub/session/4809d82c-12fe-4ef0-8dbe-5f1d9ffb354f/element/00000000-0000-0653-0000-002800000000/displayed'
20:23:00.083 [AsyncHttpClient-1-2] DEBUG org.asynchttpclient.netty.handler.HttpHandler - 

Request DefaultFullHttpRequest(decodeResult: success, version: HTTP/1.1, content: EmptyByteBufBE)
GET /wd/hub/session/4809d82c-12fe-4ef0-8dbe-5f1d9ffb354f/element/00000000-0000-0653-0000-002800000000/displayed HTTP/1.1
User-Agent: appium/8.3.0 (selenium/4.8.1 (java windows))
Cache-Control: no-cache
Content-Type: application/json; charset=utf-8
host: 0.0.0.0:4723
accept: */*

Response DefaultHttpResponse(decodeResult: success, version: HTTP/1.1)
HTTP/1.1 200 OK
X-Powered-By: Express
Content-Type: application/json; charset=utf-8
Content-Length: 14
ETag: W/"e-2ZHvAWebNQpyjGZTg6uyV8/spTo"
Date: Fri, 12 May 2023 13:23:00 GMT
Connection: keep-alive
Keep-Alive: timeout=600

20:23:00.084 [AsyncHttpClient-1-2] DEBUG org.asynchttpclient.netty.channel.ChannelManager - Adding key: http://0.0.0.0:4723 for channel [id: 0x40f87952, L:/192.168.56.1:54510 - R:/0.0.0.0:4723]
20:23:00.087 [Forwarding getElementText on session 4809d82c-12fe-4ef0-8dbe-5f1d9ffb354f to remote] DEBUG org.asynchttpclient.netty.request.NettyRequestSender - Using pooled Channel '[id: 0x40f87952, L:/192.168.56.1:54510 - R:/0.0.0.0:4723]' for 'GET' to 'http://0.0.0.0:4723/wd/hub/session/4809d82c-12fe-4ef0-8dbe-5f1d9ffb354f/element/00000000-0000-0653-0000-002800000000/text'
20:23:00.087 [Forwarding getElementText on session 4809d82c-12fe-4ef0-8dbe-5f1d9ffb354f to remote] DEBUG org.asynchttpclient.netty.request.NettyRequestSender - Using open Channel [id: 0x40f87952, L:/192.168.56.1:54510 - R:/0.0.0.0:4723] for GET '/wd/hub/session/4809d82c-12fe-4ef0-8dbe-5f1d9ffb354f/element/00000000-0000-0653-0000-002800000000/text'
20:23:00.184 [AsyncHttpClient-1-2] DEBUG org.asynchttpclient.netty.handler.HttpHandler - 

Request DefaultFullHttpRequest(decodeResult: success, version: HTTP/1.1, content: EmptyByteBufBE)
GET /wd/hub/session/4809d82c-12fe-4ef0-8dbe-5f1d9ffb354f/element/00000000-0000-0653-0000-002800000000/text HTTP/1.1
User-Agent: appium/8.3.0 (selenium/4.8.1 (java windows))
Cache-Control: no-cache
Content-Type: application/json; charset=utf-8
host: 0.0.0.0:4723
accept: */*

Response DefaultHttpResponse(decodeResult: success, version: HTTP/1.1)
HTTP/1.1 200 OK
X-Powered-By: Express
Content-Type: application/json; charset=utf-8
Content-Length: 63
ETag: W/"3f-NK2HgIqeA+Xa1hgrpPasCHZ84PU"
Date: Fri, 12 May 2023 13:23:00 GMT
Connection: keep-alive
Keep-Alive: timeout=600

20:23:00.186 [AsyncHttpClient-1-2] DEBUG org.asynchttpclient.netty.channel.ChannelManager - Adding key: http://0.0.0.0:4723 for channel [id: 0x40f87952, L:/192.168.56.1:54510 - R:/0.0.0.0:4723]
20:23:00.192 [main] DEBUG net.thucydides.core.steps.StepInterceptor - STEP DONE: onHomepage
]]></system-out>
  </testcase>
</testsuite>